{"C:\\Users\\thiag\\Desktop\\Programacao\\Projects\\saturno\\backend\\src\\app.ts": {"path":"C:\\Users\\thiag\\Desktop\\Programacao\\Projects\\saturno\\backend\\src\\app.ts","statementMap":{"0":{"start":{"line":1,"column":0},"end":{"line":1,"column":26}},"1":{"start":{"line":2,"column":0},"end":{"line":2,"column":35}},"2":{"start":{"line":3,"column":0},"end":{"line":3,"column":42}},"3":{"start":{"line":4,"column":0},"end":{"line":4,"column":28}},"4":{"start":{"line":5,"column":0},"end":{"line":5,"column":28}},"5":{"start":{"line":6,"column":0},"end":{"line":6,"column":0}},"6":{"start":{"line":7,"column":0},"end":{"line":7,"column":45}},"7":{"start":{"line":8,"column":0},"end":{"line":8,"column":49}},"8":{"start":{"line":9,"column":0},"end":{"line":9,"column":59}},"9":{"start":{"line":10,"column":0},"end":{"line":10,"column":0}},"10":{"start":{"line":11,"column":0},"end":{"line":11,"column":14}},"11":{"start":{"line":12,"column":0},"end":{"line":12,"column":28}},"12":{"start":{"line":13,"column":0},"end":{"line":13,"column":1}},"13":{"start":{"line":14,"column":0},"end":{"line":14,"column":0}},"14":{"start":{"line":15,"column":0},"end":{"line":15,"column":35}},"15":{"start":{"line":16,"column":0},"end":{"line":16,"column":28}},"16":{"start":{"line":17,"column":0},"end":{"line":17,"column":0}},"17":{"start":{"line":18,"column":0},"end":{"line":18,"column":18}},"18":{"start":{"line":19,"column":0},"end":{"line":19,"column":28}},"19":{"start":{"line":20,"column":0},"end":{"line":20,"column":0}},"20":{"start":{"line":21,"column":0},"end":{"line":21,"column":26}},"21":{"start":{"line":22,"column":0},"end":{"line":22,"column":21}},"22":{"start":{"line":23,"column":0},"end":{"line":23,"column":5}},"23":{"start":{"line":24,"column":0},"end":{"line":24,"column":0}},"24":{"start":{"line":25,"column":0},"end":{"line":25,"column":18}},"25":{"start":{"line":26,"column":0},"end":{"line":26,"column":39}},"26":{"start":{"line":27,"column":0},"end":{"line":27,"column":61}},"27":{"start":{"line":28,"column":0},"end":{"line":28,"column":28}},"28":{"start":{"line":29,"column":0},"end":{"line":29,"column":0}},"29":{"start":{"line":30,"column":0},"end":{"line":30,"column":78}},"30":{"start":{"line":31,"column":0},"end":{"line":31,"column":5}},"31":{"start":{"line":32,"column":0},"end":{"line":32,"column":0}},"32":{"start":{"line":33,"column":0},"end":{"line":33,"column":13}},"33":{"start":{"line":34,"column":0},"end":{"line":34,"column":32}},"34":{"start":{"line":35,"column":0},"end":{"line":35,"column":34}},"35":{"start":{"line":36,"column":0},"end":{"line":36,"column":39}},"36":{"start":{"line":37,"column":0},"end":{"line":37,"column":5}},"37":{"start":{"line":38,"column":0},"end":{"line":38,"column":1}},"38":{"start":{"line":39,"column":0},"end":{"line":39,"column":0}},"39":{"start":{"line":40,"column":0},"end":{"line":40,"column":38}}},"s":{"0":1,"1":1,"2":1,"3":1,"4":1,"5":1,"6":1,"7":1,"8":1,"9":1,"10":1,"11":1,"12":1,"13":1,"14":5,"15":5,"16":5,"17":5,"18":5,"19":5,"20":5,"21":5,"22":5,"23":5,"24":5,"25":5,"26":5,"27":5,"28":5,"29":5,"30":5,"31":5,"32":5,"33":5,"34":5,"35":5,"36":5,"37":5,"38":1,"39":1},"branchMap":{"0":{"type":"branch","line":40,"loc":{"start":{"line":40,"column":38},"end":{"line":40,"column":38}},"locations":[{"start":{"line":40,"column":38},"end":{"line":40,"column":38}}]},"1":{"type":"branch","line":15,"loc":{"start":{"line":15,"column":0},"end":{"line":38,"column":1}},"locations":[{"start":{"line":15,"column":0},"end":{"line":38,"column":1}}]},"2":{"type":"branch","line":18,"loc":{"start":{"line":18,"column":4},"end":{"line":23,"column":5}},"locations":[{"start":{"line":18,"column":4},"end":{"line":23,"column":5}}]},"3":{"type":"branch","line":25,"loc":{"start":{"line":25,"column":4},"end":{"line":31,"column":5}},"locations":[{"start":{"line":25,"column":4},"end":{"line":31,"column":5}}]},"4":{"type":"branch","line":33,"loc":{"start":{"line":33,"column":4},"end":{"line":37,"column":5}},"locations":[{"start":{"line":33,"column":4},"end":{"line":37,"column":5}}]}},"b":{"0":[5],"1":[5],"2":[5],"3":[5],"4":[5]},"fnMap":{"0":{"name":"AppController","decl":{"start":{"line":18,"column":4},"end":{"line":23,"column":5}},"loc":{"start":{"line":18,"column":4},"end":{"line":23,"column":5}},"line":18},"1":{"name":"AppController.middlewares","decl":{"start":{"line":25,"column":4},"end":{"line":31,"column":5}},"loc":{"start":{"line":25,"column":4},"end":{"line":31,"column":5}},"line":25},"2":{"name":"AppController.routes","decl":{"start":{"line":33,"column":4},"end":{"line":37,"column":5}},"loc":{"start":{"line":33,"column":4},"end":{"line":37,"column":5}},"line":33}},"f":{"0":5,"1":5,"2":5}}
,"C:\\Users\\thiag\\Desktop\\Programacao\\Projects\\saturno\\backend\\src\\controller\\AppoitmentsController.ts": {"path":"C:\\Users\\thiag\\Desktop\\Programacao\\Projects\\saturno\\backend\\src\\controller\\AppoitmentsController.ts","statementMap":{"0":{"start":{"line":1,"column":0},"end":{"line":1,"column":55}},"1":{"start":{"line":2,"column":0},"end":{"line":2,"column":38}},"2":{"start":{"line":3,"column":0},"end":{"line":3,"column":56}},"3":{"start":{"line":4,"column":0},"end":{"line":4,"column":0}},"4":{"start":{"line":5,"column":0},"end":{"line":5,"column":35}},"5":{"start":{"line":6,"column":0},"end":{"line":6,"column":0}},"6":{"start":{"line":7,"column":0},"end":{"line":7,"column":80}},"7":{"start":{"line":8,"column":0},"end":{"line":8,"column":25}},"8":{"start":{"line":9,"column":0},"end":{"line":9,"column":113}},"9":{"start":{"line":10,"column":0},"end":{"line":10,"column":35}},"10":{"start":{"line":11,"column":0},"end":{"line":11,"column":1}},"11":{"start":{"line":12,"column":0},"end":{"line":12,"column":0}},"12":{"start":{"line":13,"column":0},"end":{"line":13,"column":81}},"13":{"start":{"line":14,"column":0},"end":{"line":14,"column":4}},"14":{"start":{"line":15,"column":0},"end":{"line":15,"column":65}},"15":{"start":{"line":16,"column":0},"end":{"line":16,"column":141}},"16":{"start":{"line":17,"column":0},"end":{"line":17,"column":41}},"17":{"start":{"line":18,"column":0},"end":{"line":18,"column":12}},"18":{"start":{"line":19,"column":0},"end":{"line":19,"column":27}},"19":{"start":{"line":20,"column":0},"end":{"line":20,"column":1}},"20":{"start":{"line":21,"column":0},"end":{"line":21,"column":0}},"21":{"start":{"line":22,"column":0},"end":{"line":22,"column":1}},"22":{"start":{"line":23,"column":0},"end":{"line":23,"column":0}},"23":{"start":{"line":24,"column":0},"end":{"line":24,"column":83}},"24":{"start":{"line":25,"column":0},"end":{"line":25,"column":25}},"25":{"start":{"line":26,"column":0},"end":{"line":26,"column":76}},"26":{"start":{"line":27,"column":0},"end":{"line":27,"column":19}},"27":{"start":{"line":28,"column":0},"end":{"line":28,"column":57}},"28":{"start":{"line":29,"column":0},"end":{"line":29,"column":3}},"29":{"start":{"line":30,"column":0},"end":{"line":30,"column":64}},"30":{"start":{"line":31,"column":0},"end":{"line":31,"column":39}},"31":{"start":{"line":32,"column":0},"end":{"line":32,"column":0}},"32":{"start":{"line":33,"column":0},"end":{"line":33,"column":1}}},"s":{"0":1,"1":1,"2":1,"3":1,"4":1,"5":1,"6":1,"7":1,"8":1,"9":1,"10":1,"11":1,"12":1,"13":3,"14":3,"15":3,"16":3,"17":3,"18":3,"19":3,"20":3,"21":3,"22":1,"23":1,"24":2,"25":2,"26":2,"27":1,"28":1,"29":1,"30":2,"31":2,"32":2},"branchMap":{"0":{"type":"branch","line":33,"loc":{"start":{"line":33,"column":1},"end":{"line":33,"column":1}},"locations":[{"start":{"line":33,"column":1},"end":{"line":33,"column":1}}]},"1":{"type":"branch","line":33,"loc":{"start":{"line":33,"column":1},"end":{"line":33,"column":1}},"locations":[{"start":{"line":33,"column":1},"end":{"line":33,"column":1}}]},"2":{"type":"branch","line":33,"loc":{"start":{"line":33,"column":1},"end":{"line":33,"column":1}},"locations":[{"start":{"line":33,"column":1},"end":{"line":33,"column":1}}]},"3":{"type":"branch","line":33,"loc":{"start":{"line":33,"column":1},"end":{"line":33,"column":1}},"locations":[{"start":{"line":33,"column":1},"end":{"line":33,"column":1}}]},"4":{"type":"branch","line":33,"loc":{"start":{"line":33,"column":1},"end":{"line":33,"column":1}},"locations":[{"start":{"line":33,"column":1},"end":{"line":33,"column":1}}]},"5":{"type":"branch","line":33,"loc":{"start":{"line":33,"column":1},"end":{"line":33,"column":1}},"locations":[{"start":{"line":33,"column":1},"end":{"line":33,"column":1}}]},"6":{"type":"branch","line":33,"loc":{"start":{"line":33,"column":1},"end":{"line":33,"column":1}},"locations":[{"start":{"line":33,"column":1},"end":{"line":33,"column":1}}]},"7":{"type":"branch","line":33,"loc":{"start":{"line":33,"column":1},"end":{"line":33,"column":1}},"locations":[{"start":{"line":33,"column":1},"end":{"line":33,"column":1}}]},"8":{"type":"branch","line":33,"loc":{"start":{"line":33,"column":1},"end":{"line":33,"column":1}},"locations":[{"start":{"line":33,"column":1},"end":{"line":33,"column":1}}]},"9":{"type":"branch","line":33,"loc":{"start":{"line":33,"column":1},"end":{"line":33,"column":1}},"locations":[{"start":{"line":33,"column":1},"end":{"line":33,"column":1}}]},"10":{"type":"branch","line":33,"loc":{"start":{"line":33,"column":1},"end":{"line":33,"column":1}},"locations":[{"start":{"line":33,"column":1},"end":{"line":33,"column":1}}]},"11":{"type":"branch","line":33,"loc":{"start":{"line":33,"column":1},"end":{"line":33,"column":1}},"locations":[{"start":{"line":33,"column":1},"end":{"line":33,"column":1}}]},"12":{"type":"branch","line":33,"loc":{"start":{"line":33,"column":1},"end":{"line":33,"column":1}},"locations":[{"start":{"line":33,"column":1},"end":{"line":33,"column":1}}]},"13":{"type":"branch","line":33,"loc":{"start":{"line":33,"column":1},"end":{"line":33,"column":1}},"locations":[{"start":{"line":33,"column":1},"end":{"line":33,"column":1}}]},"14":{"type":"branch","line":33,"loc":{"start":{"line":33,"column":1},"end":{"line":33,"column":1}},"locations":[{"start":{"line":33,"column":1},"end":{"line":33,"column":1}}]},"15":{"type":"branch","line":33,"loc":{"start":{"line":33,"column":1},"end":{"line":33,"column":1}},"locations":[{"start":{"line":33,"column":1},"end":{"line":33,"column":1}}]},"16":{"type":"branch","line":33,"loc":{"start":{"line":33,"column":1},"end":{"line":33,"column":1}},"locations":[{"start":{"line":33,"column":1},"end":{"line":33,"column":1}}]},"17":{"type":"branch","line":33,"loc":{"start":{"line":33,"column":1},"end":{"line":33,"column":1}},"locations":[{"start":{"line":33,"column":1},"end":{"line":33,"column":1}}]},"18":{"type":"branch","line":33,"loc":{"start":{"line":33,"column":1},"end":{"line":33,"column":1}},"locations":[{"start":{"line":33,"column":1},"end":{"line":33,"column":1}}]},"19":{"type":"branch","line":33,"loc":{"start":{"line":33,"column":1},"end":{"line":33,"column":1}},"locations":[{"start":{"line":33,"column":1},"end":{"line":33,"column":1}}]},"20":{"type":"branch","line":33,"loc":{"start":{"line":33,"column":1},"end":{"line":33,"column":1}},"locations":[{"start":{"line":33,"column":1},"end":{"line":33,"column":1}}]},"21":{"type":"branch","line":33,"loc":{"start":{"line":33,"column":1},"end":{"line":33,"column":1}},"locations":[{"start":{"line":33,"column":1},"end":{"line":33,"column":1}}]},"22":{"type":"branch","line":33,"loc":{"start":{"line":33,"column":1},"end":{"line":33,"column":1}},"locations":[{"start":{"line":33,"column":1},"end":{"line":33,"column":1}}]},"23":{"type":"branch","line":33,"loc":{"start":{"line":33,"column":1},"end":{"line":33,"column":1}},"locations":[{"start":{"line":33,"column":1},"end":{"line":33,"column":1}}]},"24":{"type":"branch","line":33,"loc":{"start":{"line":33,"column":1},"end":{"line":33,"column":1}},"locations":[{"start":{"line":33,"column":1},"end":{"line":33,"column":1}}]},"25":{"type":"branch","line":33,"loc":{"start":{"line":33,"column":1},"end":{"line":33,"column":1}},"locations":[{"start":{"line":33,"column":1},"end":{"line":33,"column":1}}]},"26":{"type":"branch","line":33,"loc":{"start":{"line":33,"column":1},"end":{"line":33,"column":1}},"locations":[{"start":{"line":33,"column":1},"end":{"line":33,"column":1}}]},"27":{"type":"branch","line":33,"loc":{"start":{"line":33,"column":1},"end":{"line":33,"column":1}},"locations":[{"start":{"line":33,"column":1},"end":{"line":33,"column":1}}]},"28":{"type":"branch","line":33,"loc":{"start":{"line":33,"column":1},"end":{"line":33,"column":1}},"locations":[{"start":{"line":33,"column":1},"end":{"line":33,"column":1}}]},"29":{"type":"branch","line":33,"loc":{"start":{"line":33,"column":1},"end":{"line":33,"column":1}},"locations":[{"start":{"line":33,"column":1},"end":{"line":33,"column":1}}]},"30":{"type":"branch","line":33,"loc":{"start":{"line":33,"column":1},"end":{"line":33,"column":1}},"locations":[{"start":{"line":33,"column":1},"end":{"line":33,"column":1}}]},"31":{"type":"branch","line":33,"loc":{"start":{"line":33,"column":1},"end":{"line":33,"column":1}},"locations":[{"start":{"line":33,"column":1},"end":{"line":33,"column":1}}]},"32":{"type":"branch","line":33,"loc":{"start":{"line":33,"column":1},"end":{"line":33,"column":1}},"locations":[{"start":{"line":33,"column":1},"end":{"line":33,"column":1}}]},"33":{"type":"branch","line":33,"loc":{"start":{"line":33,"column":1},"end":{"line":33,"column":1}},"locations":[{"start":{"line":33,"column":1},"end":{"line":33,"column":1}}]},"34":{"type":"branch","line":33,"loc":{"start":{"line":33,"column":1},"end":{"line":33,"column":1}},"locations":[{"start":{"line":33,"column":1},"end":{"line":33,"column":1}}]},"35":{"type":"branch","line":33,"loc":{"start":{"line":33,"column":1},"end":{"line":33,"column":1}},"locations":[{"start":{"line":33,"column":1},"end":{"line":33,"column":1}}]},"36":{"type":"branch","line":33,"loc":{"start":{"line":33,"column":1},"end":{"line":33,"column":1}},"locations":[{"start":{"line":33,"column":1},"end":{"line":33,"column":1}}]},"37":{"type":"branch","line":33,"loc":{"start":{"line":33,"column":1},"end":{"line":33,"column":1}},"locations":[{"start":{"line":33,"column":1},"end":{"line":33,"column":1}}]},"38":{"type":"branch","line":33,"loc":{"start":{"line":33,"column":1},"end":{"line":33,"column":1}},"locations":[{"start":{"line":33,"column":1},"end":{"line":33,"column":1}}]},"39":{"type":"branch","line":33,"loc":{"start":{"line":33,"column":1},"end":{"line":33,"column":1}},"locations":[{"start":{"line":33,"column":1},"end":{"line":33,"column":1}}]},"40":{"type":"branch","line":33,"loc":{"start":{"line":33,"column":1},"end":{"line":33,"column":1}},"locations":[{"start":{"line":33,"column":1},"end":{"line":33,"column":1}}]},"41":{"type":"branch","line":33,"loc":{"start":{"line":33,"column":1},"end":{"line":33,"column":1}},"locations":[{"start":{"line":33,"column":1},"end":{"line":33,"column":1}}]},"42":{"type":"branch","line":33,"loc":{"start":{"line":33,"column":1},"end":{"line":33,"column":1}},"locations":[{"start":{"line":33,"column":1},"end":{"line":33,"column":1}}]},"43":{"type":"branch","line":33,"loc":{"start":{"line":33,"column":1},"end":{"line":33,"column":1}},"locations":[{"start":{"line":33,"column":1},"end":{"line":33,"column":1}}]},"44":{"type":"branch","line":33,"loc":{"start":{"line":33,"column":1},"end":{"line":33,"column":1}},"locations":[{"start":{"line":33,"column":1},"end":{"line":33,"column":1}}]},"45":{"type":"branch","line":33,"loc":{"start":{"line":33,"column":1},"end":{"line":33,"column":1}},"locations":[{"start":{"line":33,"column":1},"end":{"line":33,"column":1}}]},"46":{"type":"branch","line":33,"loc":{"start":{"line":33,"column":1},"end":{"line":33,"column":1}},"locations":[{"start":{"line":33,"column":1},"end":{"line":33,"column":1}}]},"47":{"type":"branch","line":33,"loc":{"start":{"line":33,"column":1},"end":{"line":33,"column":1}},"locations":[{"start":{"line":33,"column":1},"end":{"line":33,"column":1}}]},"48":{"type":"branch","line":33,"loc":{"start":{"line":33,"column":1},"end":{"line":33,"column":1}},"locations":[{"start":{"line":33,"column":1},"end":{"line":33,"column":1}}]},"49":{"type":"branch","line":33,"loc":{"start":{"line":33,"column":1},"end":{"line":33,"column":1}},"locations":[{"start":{"line":33,"column":1},"end":{"line":33,"column":1}}]},"50":{"type":"branch","line":33,"loc":{"start":{"line":33,"column":1},"end":{"line":33,"column":1}},"locations":[{"start":{"line":33,"column":1},"end":{"line":33,"column":1}}]},"51":{"type":"branch","line":33,"loc":{"start":{"line":33,"column":1},"end":{"line":33,"column":1}},"locations":[{"start":{"line":33,"column":1},"end":{"line":33,"column":1}}]},"52":{"type":"branch","line":33,"loc":{"start":{"line":33,"column":1},"end":{"line":33,"column":1}},"locations":[{"start":{"line":33,"column":1},"end":{"line":33,"column":1}}]},"53":{"type":"branch","line":7,"loc":{"start":{"line":7,"column":20},"end":{"line":11,"column":1}},"locations":[{"start":{"line":7,"column":20},"end":{"line":11,"column":1}}]},"54":{"type":"branch","line":7,"loc":{"start":{"line":7,"column":74},"end":{"line":11,"column":1}},"locations":[{"start":{"line":7,"column":74},"end":{"line":11,"column":1}}]},"55":{"type":"branch","line":33,"loc":{"start":{"line":33,"column":1},"end":{"line":33,"column":1}},"locations":[{"start":{"line":33,"column":1},"end":{"line":33,"column":1}}]},"56":{"type":"branch","line":33,"loc":{"start":{"line":33,"column":1},"end":{"line":33,"column":1}},"locations":[{"start":{"line":33,"column":1},"end":{"line":33,"column":1}}]},"57":{"type":"branch","line":33,"loc":{"start":{"line":33,"column":1},"end":{"line":33,"column":1}},"locations":[{"start":{"line":33,"column":1},"end":{"line":33,"column":1}}]},"58":{"type":"branch","line":13,"loc":{"start":{"line":13,"column":21},"end":{"line":22,"column":1}},"locations":[{"start":{"line":13,"column":21},"end":{"line":22,"column":1}}]},"59":{"type":"branch","line":13,"loc":{"start":{"line":13,"column":75},"end":{"line":22,"column":1}},"locations":[{"start":{"line":13,"column":75},"end":{"line":22,"column":1}}]},"60":{"type":"branch","line":33,"loc":{"start":{"line":33,"column":1},"end":{"line":33,"column":1}},"locations":[{"start":{"line":33,"column":1},"end":{"line":33,"column":1}}]},"61":{"type":"branch","line":33,"loc":{"start":{"line":33,"column":1},"end":{"line":33,"column":1}},"locations":[{"start":{"line":33,"column":1},"end":{"line":33,"column":1}}]},"62":{"type":"branch","line":33,"loc":{"start":{"line":33,"column":1},"end":{"line":33,"column":1}},"locations":[{"start":{"line":33,"column":1},"end":{"line":33,"column":1}}]},"63":{"type":"branch","line":33,"loc":{"start":{"line":33,"column":1},"end":{"line":33,"column":1}},"locations":[{"start":{"line":33,"column":1},"end":{"line":33,"column":1}}]},"64":{"type":"branch","line":33,"loc":{"start":{"line":33,"column":1},"end":{"line":33,"column":1}},"locations":[{"start":{"line":33,"column":1},"end":{"line":33,"column":1}}]},"65":{"type":"branch","line":24,"loc":{"start":{"line":24,"column":23},"end":{"line":33,"column":1}},"locations":[{"start":{"line":24,"column":23},"end":{"line":33,"column":1}}]},"66":{"type":"branch","line":24,"loc":{"start":{"line":24,"column":77},"end":{"line":33,"column":1}},"locations":[{"start":{"line":24,"column":77},"end":{"line":33,"column":1}}]},"67":{"type":"branch","line":33,"loc":{"start":{"line":33,"column":1},"end":{"line":33,"column":1}},"locations":[{"start":{"line":33,"column":1},"end":{"line":33,"column":1}}]},"68":{"type":"branch","line":33,"loc":{"start":{"line":33,"column":1},"end":{"line":33,"column":1}},"locations":[{"start":{"line":33,"column":1},"end":{"line":33,"column":1}}]},"69":{"type":"branch","line":33,"loc":{"start":{"line":33,"column":1},"end":{"line":33,"column":1}},"locations":[{"start":{"line":33,"column":1},"end":{"line":33,"column":1}}]},"70":{"type":"branch","line":27,"loc":{"start":{"line":27,"column":18},"end":{"line":30,"column":64}},"locations":[{"start":{"line":27,"column":18},"end":{"line":30,"column":64}}]},"71":{"type":"branch","line":33,"loc":{"start":{"line":33,"column":1},"end":{"line":33,"column":1}},"locations":[{"start":{"line":33,"column":1},"end":{"line":33,"column":1}}]}},"b":{"0":[5],"1":[6],"2":[6],"3":[6],"4":[0],"5":[1],"6":[0],"7":[13],"8":[6],"9":[7],"10":[7],"11":[6],"12":[8],"13":[1],"14":[7],"15":[18],"16":[13],"17":[13],"18":[0],"19":[33],"20":[0],"21":[0],"22":[0],"23":[0],"24":[12],"25":[13],"26":[7],"27":[0],"28":[0],"29":[13],"30":[4],"31":[9],"32":[6],"33":[7],"34":[6],"35":[3],"36":[3],"37":[4],"38":[1],"39":[1],"40":[3],"41":[0],"42":[3],"43":[0],"44":[3],"45":[17],"46":[16],"47":[1],"48":[17],"49":[6],"50":[0],"51":[6],"52":[0],"53":[1],"54":[1],"55":[2],"56":[1],"57":[1],"58":[3],"59":[3],"60":[10],"61":[3],"62":[3],"63":[1],"64":[3],"65":[2],"66":[2],"67":[5],"68":[2],"69":[2],"70":[1],"71":[1]},"fnMap":{"0":{"name":"__awaiter","decl":{"start":{"line":33,"column":1},"end":{"line":33,"column":1}},"loc":{"start":{"line":33,"column":1},"end":{"line":33,"column":1}},"line":33},"1":{"name":"fulfilled","decl":{"start":{"line":33,"column":1},"end":{"line":33,"column":1}},"loc":{"start":{"line":33,"column":1},"end":{"line":33,"column":1}},"line":33},"2":{"name":"rejected","decl":{"start":{"line":33,"column":1},"end":{"line":33,"column":1}},"loc":{"start":{"line":33,"column":1},"end":{"line":33,"column":1}},"line":33},"3":{"name":"step","decl":{"start":{"line":33,"column":1},"end":{"line":33,"column":1}},"loc":{"start":{"line":33,"column":1},"end":{"line":33,"column":1}},"line":33},"4":{"name":"__generator","decl":{"start":{"line":33,"column":1},"end":{"line":33,"column":1}},"loc":{"start":{"line":33,"column":1},"end":{"line":33,"column":1}},"line":33},"5":{"name":"sent","decl":{"start":{"line":33,"column":1},"end":{"line":33,"column":1}},"loc":{"start":{"line":33,"column":1},"end":{"line":33,"column":1}},"line":33},"6":{"name":"g.<computed>","decl":{"start":{"line":33,"column":1},"end":{"line":33,"column":1}},"loc":{"start":{"line":33,"column":1},"end":{"line":33,"column":1}},"line":33},"7":{"name":"verb","decl":{"start":{"line":33,"column":1},"end":{"line":33,"column":1}},"loc":{"start":{"line":33,"column":1},"end":{"line":33,"column":1}},"line":33},"8":{"name":"step","decl":{"start":{"line":33,"column":1},"end":{"line":33,"column":1}},"loc":{"start":{"line":33,"column":1},"end":{"line":33,"column":1}},"line":33},"9":{"name":"exports.show","decl":{"start":{"line":7,"column":20},"end":{"line":11,"column":1}},"loc":{"start":{"line":7,"column":20},"end":{"line":11,"column":1}},"line":7},"10":{"name":"exports.store","decl":{"start":{"line":13,"column":21},"end":{"line":22,"column":1}},"loc":{"start":{"line":13,"column":21},"end":{"line":22,"column":1}},"line":13},"11":{"name":"exports.destroy","decl":{"start":{"line":24,"column":23},"end":{"line":33,"column":1}},"loc":{"start":{"line":24,"column":23},"end":{"line":33,"column":1}},"line":24}},"f":{"0":6,"1":6,"2":1,"3":13,"4":6,"5":8,"6":0,"7":18,"8":13,"9":1,"10":3,"11":2}}
,"C:\\Users\\thiag\\Desktop\\Programacao\\Projects\\saturno\\backend\\src\\controller\\StudioController.ts": {"path":"C:\\Users\\thiag\\Desktop\\Programacao\\Projects\\saturno\\backend\\src\\controller\\StudioController.ts","statementMap":{"0":{"start":{"line":1,"column":0},"end":{"line":1,"column":44}},"1":{"start":{"line":2,"column":0},"end":{"line":2,"column":38}},"2":{"start":{"line":3,"column":0},"end":{"line":3,"column":56}},"3":{"start":{"line":4,"column":0},"end":{"line":4,"column":0}},"4":{"start":{"line":5,"column":0},"end":{"line":5,"column":35}},"5":{"start":{"line":6,"column":0},"end":{"line":6,"column":0}},"6":{"start":{"line":7,"column":0},"end":{"line":7,"column":80}},"7":{"start":{"line":8,"column":0},"end":{"line":8,"column":25}},"8":{"start":{"line":9,"column":0},"end":{"line":9,"column":96}},"9":{"start":{"line":10,"column":0},"end":{"line":10,"column":30}},"10":{"start":{"line":11,"column":0},"end":{"line":11,"column":1}},"11":{"start":{"line":12,"column":0},"end":{"line":12,"column":0}},"12":{"start":{"line":13,"column":0},"end":{"line":13,"column":81}},"13":{"start":{"line":14,"column":0},"end":{"line":14,"column":6}},"14":{"start":{"line":15,"column":0},"end":{"line":15,"column":36}},"15":{"start":{"line":16,"column":0},"end":{"line":16,"column":87}},"16":{"start":{"line":17,"column":0},"end":{"line":17,"column":0}},"17":{"start":{"line":18,"column":0},"end":{"line":18,"column":23}},"18":{"start":{"line":19,"column":0},"end":{"line":19,"column":60}},"19":{"start":{"line":20,"column":0},"end":{"line":20,"column":5}},"20":{"start":{"line":21,"column":0},"end":{"line":21,"column":0}},"21":{"start":{"line":22,"column":0},"end":{"line":22,"column":14}},"22":{"start":{"line":23,"column":0},"end":{"line":23,"column":17}},"23":{"start":{"line":24,"column":0},"end":{"line":24,"column":33}},"24":{"start":{"line":25,"column":0},"end":{"line":25,"column":79}},"25":{"start":{"line":26,"column":0},"end":{"line":26,"column":10}},"26":{"start":{"line":27,"column":0},"end":{"line":27,"column":16}},"27":{"start":{"line":28,"column":0},"end":{"line":28,"column":5}},"28":{"start":{"line":29,"column":0},"end":{"line":29,"column":0}},"29":{"start":{"line":30,"column":0},"end":{"line":30,"column":0}},"30":{"start":{"line":31,"column":0},"end":{"line":31,"column":89}},"31":{"start":{"line":32,"column":0},"end":{"line":32,"column":39}},"32":{"start":{"line":33,"column":0},"end":{"line":33,"column":12}},"33":{"start":{"line":34,"column":0},"end":{"line":34,"column":29}},"34":{"start":{"line":35,"column":0},"end":{"line":35,"column":1}},"35":{"start":{"line":36,"column":0},"end":{"line":36,"column":0}},"36":{"start":{"line":37,"column":0},"end":{"line":37,"column":1}},"37":{"start":{"line":38,"column":0},"end":{"line":38,"column":0}},"38":{"start":{"line":39,"column":0},"end":{"line":39,"column":83}},"39":{"start":{"line":40,"column":0},"end":{"line":40,"column":25}},"40":{"start":{"line":41,"column":0},"end":{"line":41,"column":66}},"41":{"start":{"line":42,"column":0},"end":{"line":42,"column":14}},"42":{"start":{"line":43,"column":0},"end":{"line":43,"column":50}},"43":{"start":{"line":44,"column":0},"end":{"line":44,"column":3}},"44":{"start":{"line":45,"column":0},"end":{"line":45,"column":54}},"45":{"start":{"line":46,"column":0},"end":{"line":46,"column":46}},"46":{"start":{"line":47,"column":0},"end":{"line":47,"column":0}},"47":{"start":{"line":48,"column":0},"end":{"line":48,"column":1}}},"s":{"0":1,"1":1,"2":1,"3":1,"4":1,"5":1,"6":1,"7":1,"8":1,"9":1,"10":1,"11":1,"12":1,"13":5,"14":5,"15":5,"16":5,"17":5,"18":1,"19":1,"20":4,"21":4,"22":5,"23":0,"24":0,"25":5,"26":4,"27":4,"28":4,"29":4,"30":4,"31":5,"32":5,"33":5,"34":5,"35":5,"36":5,"37":1,"38":1,"39":2,"40":2,"41":2,"42":1,"43":1,"44":1,"45":2,"46":2,"47":2},"branchMap":{"0":{"type":"branch","line":48,"loc":{"start":{"line":48,"column":1},"end":{"line":48,"column":1}},"locations":[{"start":{"line":48,"column":1},"end":{"line":48,"column":1}}]},"1":{"type":"branch","line":48,"loc":{"start":{"line":48,"column":1},"end":{"line":48,"column":1}},"locations":[{"start":{"line":48,"column":1},"end":{"line":48,"column":1}}]},"2":{"type":"branch","line":48,"loc":{"start":{"line":48,"column":1},"end":{"line":48,"column":1}},"locations":[{"start":{"line":48,"column":1},"end":{"line":48,"column":1}}]},"3":{"type":"branch","line":48,"loc":{"start":{"line":48,"column":1},"end":{"line":48,"column":1}},"locations":[{"start":{"line":48,"column":1},"end":{"line":48,"column":1}}]},"4":{"type":"branch","line":48,"loc":{"start":{"line":48,"column":1},"end":{"line":48,"column":1}},"locations":[{"start":{"line":48,"column":1},"end":{"line":48,"column":1}}]},"5":{"type":"branch","line":48,"loc":{"start":{"line":48,"column":1},"end":{"line":48,"column":1}},"locations":[{"start":{"line":48,"column":1},"end":{"line":48,"column":1}}]},"6":{"type":"branch","line":48,"loc":{"start":{"line":48,"column":1},"end":{"line":48,"column":1}},"locations":[{"start":{"line":48,"column":1},"end":{"line":48,"column":1}}]},"7":{"type":"branch","line":48,"loc":{"start":{"line":48,"column":1},"end":{"line":48,"column":1}},"locations":[{"start":{"line":48,"column":1},"end":{"line":48,"column":1}}]},"8":{"type":"branch","line":48,"loc":{"start":{"line":48,"column":1},"end":{"line":48,"column":1}},"locations":[{"start":{"line":48,"column":1},"end":{"line":48,"column":1}}]},"9":{"type":"branch","line":48,"loc":{"start":{"line":48,"column":1},"end":{"line":48,"column":1}},"locations":[{"start":{"line":48,"column":1},"end":{"line":48,"column":1}}]},"10":{"type":"branch","line":48,"loc":{"start":{"line":48,"column":1},"end":{"line":48,"column":1}},"locations":[{"start":{"line":48,"column":1},"end":{"line":48,"column":1}}]},"11":{"type":"branch","line":48,"loc":{"start":{"line":48,"column":1},"end":{"line":48,"column":1}},"locations":[{"start":{"line":48,"column":1},"end":{"line":48,"column":1}}]},"12":{"type":"branch","line":48,"loc":{"start":{"line":48,"column":1},"end":{"line":48,"column":1}},"locations":[{"start":{"line":48,"column":1},"end":{"line":48,"column":1}}]},"13":{"type":"branch","line":48,"loc":{"start":{"line":48,"column":1},"end":{"line":48,"column":1}},"locations":[{"start":{"line":48,"column":1},"end":{"line":48,"column":1}}]},"14":{"type":"branch","line":48,"loc":{"start":{"line":48,"column":1},"end":{"line":48,"column":1}},"locations":[{"start":{"line":48,"column":1},"end":{"line":48,"column":1}}]},"15":{"type":"branch","line":48,"loc":{"start":{"line":48,"column":1},"end":{"line":48,"column":1}},"locations":[{"start":{"line":48,"column":1},"end":{"line":48,"column":1}}]},"16":{"type":"branch","line":48,"loc":{"start":{"line":48,"column":1},"end":{"line":48,"column":1}},"locations":[{"start":{"line":48,"column":1},"end":{"line":48,"column":1}}]},"17":{"type":"branch","line":48,"loc":{"start":{"line":48,"column":1},"end":{"line":48,"column":1}},"locations":[{"start":{"line":48,"column":1},"end":{"line":48,"column":1}}]},"18":{"type":"branch","line":48,"loc":{"start":{"line":48,"column":1},"end":{"line":48,"column":1}},"locations":[{"start":{"line":48,"column":1},"end":{"line":48,"column":1}}]},"19":{"type":"branch","line":48,"loc":{"start":{"line":48,"column":1},"end":{"line":48,"column":1}},"locations":[{"start":{"line":48,"column":1},"end":{"line":48,"column":1}}]},"20":{"type":"branch","line":48,"loc":{"start":{"line":48,"column":1},"end":{"line":48,"column":1}},"locations":[{"start":{"line":48,"column":1},"end":{"line":48,"column":1}}]},"21":{"type":"branch","line":48,"loc":{"start":{"line":48,"column":1},"end":{"line":48,"column":1}},"locations":[{"start":{"line":48,"column":1},"end":{"line":48,"column":1}}]},"22":{"type":"branch","line":48,"loc":{"start":{"line":48,"column":1},"end":{"line":48,"column":1}},"locations":[{"start":{"line":48,"column":1},"end":{"line":48,"column":1}}]},"23":{"type":"branch","line":48,"loc":{"start":{"line":48,"column":1},"end":{"line":48,"column":1}},"locations":[{"start":{"line":48,"column":1},"end":{"line":48,"column":1}}]},"24":{"type":"branch","line":48,"loc":{"start":{"line":48,"column":1},"end":{"line":48,"column":1}},"locations":[{"start":{"line":48,"column":1},"end":{"line":48,"column":1}}]},"25":{"type":"branch","line":48,"loc":{"start":{"line":48,"column":1},"end":{"line":48,"column":1}},"locations":[{"start":{"line":48,"column":1},"end":{"line":48,"column":1}}]},"26":{"type":"branch","line":48,"loc":{"start":{"line":48,"column":1},"end":{"line":48,"column":1}},"locations":[{"start":{"line":48,"column":1},"end":{"line":48,"column":1}}]},"27":{"type":"branch","line":48,"loc":{"start":{"line":48,"column":1},"end":{"line":48,"column":1}},"locations":[{"start":{"line":48,"column":1},"end":{"line":48,"column":1}}]},"28":{"type":"branch","line":48,"loc":{"start":{"line":48,"column":1},"end":{"line":48,"column":1}},"locations":[{"start":{"line":48,"column":1},"end":{"line":48,"column":1}}]},"29":{"type":"branch","line":48,"loc":{"start":{"line":48,"column":1},"end":{"line":48,"column":1}},"locations":[{"start":{"line":48,"column":1},"end":{"line":48,"column":1}}]},"30":{"type":"branch","line":48,"loc":{"start":{"line":48,"column":1},"end":{"line":48,"column":1}},"locations":[{"start":{"line":48,"column":1},"end":{"line":48,"column":1}}]},"31":{"type":"branch","line":48,"loc":{"start":{"line":48,"column":1},"end":{"line":48,"column":1}},"locations":[{"start":{"line":48,"column":1},"end":{"line":48,"column":1}}]},"32":{"type":"branch","line":48,"loc":{"start":{"line":48,"column":1},"end":{"line":48,"column":1}},"locations":[{"start":{"line":48,"column":1},"end":{"line":48,"column":1}}]},"33":{"type":"branch","line":48,"loc":{"start":{"line":48,"column":1},"end":{"line":48,"column":1}},"locations":[{"start":{"line":48,"column":1},"end":{"line":48,"column":1}}]},"34":{"type":"branch","line":48,"loc":{"start":{"line":48,"column":1},"end":{"line":48,"column":1}},"locations":[{"start":{"line":48,"column":1},"end":{"line":48,"column":1}}]},"35":{"type":"branch","line":48,"loc":{"start":{"line":48,"column":1},"end":{"line":48,"column":1}},"locations":[{"start":{"line":48,"column":1},"end":{"line":48,"column":1}}]},"36":{"type":"branch","line":48,"loc":{"start":{"line":48,"column":1},"end":{"line":48,"column":1}},"locations":[{"start":{"line":48,"column":1},"end":{"line":48,"column":1}}]},"37":{"type":"branch","line":48,"loc":{"start":{"line":48,"column":1},"end":{"line":48,"column":1}},"locations":[{"start":{"line":48,"column":1},"end":{"line":48,"column":1}}]},"38":{"type":"branch","line":48,"loc":{"start":{"line":48,"column":1},"end":{"line":48,"column":1}},"locations":[{"start":{"line":48,"column":1},"end":{"line":48,"column":1}}]},"39":{"type":"branch","line":48,"loc":{"start":{"line":48,"column":1},"end":{"line":48,"column":1}},"locations":[{"start":{"line":48,"column":1},"end":{"line":48,"column":1}}]},"40":{"type":"branch","line":48,"loc":{"start":{"line":48,"column":1},"end":{"line":48,"column":1}},"locations":[{"start":{"line":48,"column":1},"end":{"line":48,"column":1}}]},"41":{"type":"branch","line":48,"loc":{"start":{"line":48,"column":1},"end":{"line":48,"column":1}},"locations":[{"start":{"line":48,"column":1},"end":{"line":48,"column":1}}]},"42":{"type":"branch","line":48,"loc":{"start":{"line":48,"column":1},"end":{"line":48,"column":1}},"locations":[{"start":{"line":48,"column":1},"end":{"line":48,"column":1}}]},"43":{"type":"branch","line":48,"loc":{"start":{"line":48,"column":1},"end":{"line":48,"column":1}},"locations":[{"start":{"line":48,"column":1},"end":{"line":48,"column":1}}]},"44":{"type":"branch","line":48,"loc":{"start":{"line":48,"column":1},"end":{"line":48,"column":1}},"locations":[{"start":{"line":48,"column":1},"end":{"line":48,"column":1}}]},"45":{"type":"branch","line":48,"loc":{"start":{"line":48,"column":1},"end":{"line":48,"column":1}},"locations":[{"start":{"line":48,"column":1},"end":{"line":48,"column":1}}]},"46":{"type":"branch","line":48,"loc":{"start":{"line":48,"column":1},"end":{"line":48,"column":1}},"locations":[{"start":{"line":48,"column":1},"end":{"line":48,"column":1}}]},"47":{"type":"branch","line":48,"loc":{"start":{"line":48,"column":1},"end":{"line":48,"column":1}},"locations":[{"start":{"line":48,"column":1},"end":{"line":48,"column":1}}]},"48":{"type":"branch","line":48,"loc":{"start":{"line":48,"column":1},"end":{"line":48,"column":1}},"locations":[{"start":{"line":48,"column":1},"end":{"line":48,"column":1}}]},"49":{"type":"branch","line":7,"loc":{"start":{"line":7,"column":20},"end":{"line":11,"column":1}},"locations":[{"start":{"line":7,"column":20},"end":{"line":11,"column":1}}]},"50":{"type":"branch","line":7,"loc":{"start":{"line":7,"column":74},"end":{"line":11,"column":1}},"locations":[{"start":{"line":7,"column":74},"end":{"line":11,"column":1}}]},"51":{"type":"branch","line":48,"loc":{"start":{"line":48,"column":1},"end":{"line":48,"column":1}},"locations":[{"start":{"line":48,"column":1},"end":{"line":48,"column":1}}]},"52":{"type":"branch","line":48,"loc":{"start":{"line":48,"column":1},"end":{"line":48,"column":1}},"locations":[{"start":{"line":48,"column":1},"end":{"line":48,"column":1}}]},"53":{"type":"branch","line":48,"loc":{"start":{"line":48,"column":1},"end":{"line":48,"column":1}},"locations":[{"start":{"line":48,"column":1},"end":{"line":48,"column":1}}]},"54":{"type":"branch","line":13,"loc":{"start":{"line":13,"column":21},"end":{"line":37,"column":1}},"locations":[{"start":{"line":13,"column":21},"end":{"line":37,"column":1}}]},"55":{"type":"branch","line":13,"loc":{"start":{"line":13,"column":75},"end":{"line":37,"column":1}},"locations":[{"start":{"line":13,"column":75},"end":{"line":37,"column":1}}]},"56":{"type":"branch","line":48,"loc":{"start":{"line":48,"column":1},"end":{"line":48,"column":1}},"locations":[{"start":{"line":48,"column":1},"end":{"line":48,"column":1}}]},"57":{"type":"branch","line":48,"loc":{"start":{"line":48,"column":1},"end":{"line":48,"column":1}},"locations":[{"start":{"line":48,"column":1},"end":{"line":48,"column":1}}]},"58":{"type":"branch","line":48,"loc":{"start":{"line":48,"column":1},"end":{"line":48,"column":1}},"locations":[{"start":{"line":48,"column":1},"end":{"line":48,"column":1}}]},"59":{"type":"branch","line":18,"loc":{"start":{"line":18,"column":22},"end":{"line":20,"column":5}},"locations":[{"start":{"line":18,"column":22},"end":{"line":20,"column":5}}]},"60":{"type":"branch","line":20,"loc":{"start":{"line":20,"column":5},"end":{"line":23,"column":16}},"locations":[{"start":{"line":20,"column":5},"end":{"line":23,"column":16}}]},"61":{"type":"branch","line":23,"loc":{"start":{"line":23,"column":16},"end":{"line":26,"column":9}},"locations":[{"start":{"line":23,"column":16},"end":{"line":26,"column":9}}]},"62":{"type":"branch","line":26,"loc":{"start":{"line":26,"column":5},"end":{"line":31,"column":89}},"locations":[{"start":{"line":26,"column":5},"end":{"line":31,"column":89}}]},"63":{"type":"branch","line":48,"loc":{"start":{"line":48,"column":1},"end":{"line":48,"column":1}},"locations":[{"start":{"line":48,"column":1},"end":{"line":48,"column":1}}]},"64":{"type":"branch","line":48,"loc":{"start":{"line":48,"column":1},"end":{"line":48,"column":1}},"locations":[{"start":{"line":48,"column":1},"end":{"line":48,"column":1}}]},"65":{"type":"branch","line":48,"loc":{"start":{"line":48,"column":1},"end":{"line":48,"column":1}},"locations":[{"start":{"line":48,"column":1},"end":{"line":48,"column":1}}]},"66":{"type":"branch","line":39,"loc":{"start":{"line":39,"column":23},"end":{"line":48,"column":1}},"locations":[{"start":{"line":39,"column":23},"end":{"line":48,"column":1}}]},"67":{"type":"branch","line":39,"loc":{"start":{"line":39,"column":77},"end":{"line":48,"column":1}},"locations":[{"start":{"line":39,"column":77},"end":{"line":48,"column":1}}]},"68":{"type":"branch","line":48,"loc":{"start":{"line":48,"column":1},"end":{"line":48,"column":1}},"locations":[{"start":{"line":48,"column":1},"end":{"line":48,"column":1}}]},"69":{"type":"branch","line":48,"loc":{"start":{"line":48,"column":1},"end":{"line":48,"column":1}},"locations":[{"start":{"line":48,"column":1},"end":{"line":48,"column":1}}]},"70":{"type":"branch","line":48,"loc":{"start":{"line":48,"column":1},"end":{"line":48,"column":1}},"locations":[{"start":{"line":48,"column":1},"end":{"line":48,"column":1}}]},"71":{"type":"branch","line":42,"loc":{"start":{"line":42,"column":13},"end":{"line":45,"column":54}},"locations":[{"start":{"line":42,"column":13},"end":{"line":45,"column":54}}]},"72":{"type":"branch","line":48,"loc":{"start":{"line":48,"column":1},"end":{"line":48,"column":1}},"locations":[{"start":{"line":48,"column":1},"end":{"line":48,"column":1}}]}},"b":{"0":[5],"1":[8],"2":[8],"3":[13],"4":[0],"5":[21],"6":[8],"7":[13],"8":[13],"9":[8],"10":[13],"11":[0],"12":[24],"13":[21],"14":[21],"15":[0],"16":[51],"17":[0],"18":[0],"19":[0],"20":[0],"21":[21],"22":[21],"23":[13],"24":[0],"25":[0],"26":[17],"27":[5],"28":[12],"29":[8],"30":[9],"31":[8],"32":[4],"33":[4],"34":[5],"35":[0],"36":[0],"37":[5],"38":[0],"39":[5],"40":[0],"41":[5],"42":[25],"43":[0],"44":[25],"45":[8],"46":[0],"47":[8],"48":[0],"49":[1],"50":[1],"51":[2],"52":[1],"53":[1],"54":[5],"55":[5],"56":[18],"57":[5],"58":[5],"59":[1],"60":[4],"61":[0],"62":[4],"63":[4],"64":[0],"65":[4],"66":[2],"67":[2],"68":[5],"69":[2],"70":[2],"71":[1],"72":[1]},"fnMap":{"0":{"name":"__awaiter","decl":{"start":{"line":48,"column":1},"end":{"line":48,"column":1}},"loc":{"start":{"line":48,"column":1},"end":{"line":48,"column":1}},"line":48},"1":{"name":"fulfilled","decl":{"start":{"line":48,"column":1},"end":{"line":48,"column":1}},"loc":{"start":{"line":48,"column":1},"end":{"line":48,"column":1}},"line":48},"2":{"name":"rejected","decl":{"start":{"line":48,"column":1},"end":{"line":48,"column":1}},"loc":{"start":{"line":48,"column":1},"end":{"line":48,"column":1}},"line":48},"3":{"name":"step","decl":{"start":{"line":48,"column":1},"end":{"line":48,"column":1}},"loc":{"start":{"line":48,"column":1},"end":{"line":48,"column":1}},"line":48},"4":{"name":"__generator","decl":{"start":{"line":48,"column":1},"end":{"line":48,"column":1}},"loc":{"start":{"line":48,"column":1},"end":{"line":48,"column":1}},"line":48},"5":{"name":"sent","decl":{"start":{"line":48,"column":1},"end":{"line":48,"column":1}},"loc":{"start":{"line":48,"column":1},"end":{"line":48,"column":1}},"line":48},"6":{"name":"g.<computed>","decl":{"start":{"line":48,"column":1},"end":{"line":48,"column":1}},"loc":{"start":{"line":48,"column":1},"end":{"line":48,"column":1}},"line":48},"7":{"name":"verb","decl":{"start":{"line":48,"column":1},"end":{"line":48,"column":1}},"loc":{"start":{"line":48,"column":1},"end":{"line":48,"column":1}},"line":48},"8":{"name":"step","decl":{"start":{"line":48,"column":1},"end":{"line":48,"column":1}},"loc":{"start":{"line":48,"column":1},"end":{"line":48,"column":1}},"line":48},"9":{"name":"exports.show","decl":{"start":{"line":7,"column":20},"end":{"line":11,"column":1}},"loc":{"start":{"line":7,"column":20},"end":{"line":11,"column":1}},"line":7},"10":{"name":"exports.store","decl":{"start":{"line":13,"column":21},"end":{"line":37,"column":1}},"loc":{"start":{"line":13,"column":21},"end":{"line":37,"column":1}},"line":13},"11":{"name":"exports.destroy","decl":{"start":{"line":39,"column":23},"end":{"line":48,"column":1}},"loc":{"start":{"line":39,"column":23},"end":{"line":48,"column":1}},"line":39}},"f":{"0":8,"1":13,"2":0,"3":21,"4":8,"5":13,"6":0,"7":24,"8":21,"9":1,"10":5,"11":2}}
,"C:\\Users\\thiag\\Desktop\\Programacao\\Projects\\saturno\\backend\\src\\controller\\UserController.ts": {"path":"C:\\Users\\thiag\\Desktop\\Programacao\\Projects\\saturno\\backend\\src\\controller\\UserController.ts","statementMap":{"0":{"start":{"line":1,"column":0},"end":{"line":1,"column":38}},"1":{"start":{"line":2,"column":0},"end":{"line":2,"column":56}},"2":{"start":{"line":3,"column":0},"end":{"line":3,"column":36}},"3":{"start":{"line":4,"column":0},"end":{"line":4,"column":34}},"4":{"start":{"line":5,"column":0},"end":{"line":5,"column":35}},"5":{"start":{"line":6,"column":0},"end":{"line":6,"column":0}},"6":{"start":{"line":7,"column":0},"end":{"line":7,"column":0}},"7":{"start":{"line":8,"column":0},"end":{"line":8,"column":35}},"8":{"start":{"line":9,"column":0},"end":{"line":9,"column":0}},"9":{"start":{"line":10,"column":0},"end":{"line":10,"column":46}},"10":{"start":{"line":11,"column":0},"end":{"line":11,"column":62}},"11":{"start":{"line":12,"column":0},"end":{"line":12,"column":24}},"12":{"start":{"line":13,"column":0},"end":{"line":13,"column":6}},"13":{"start":{"line":14,"column":0},"end":{"line":14,"column":16}},"14":{"start":{"line":15,"column":0},"end":{"line":15,"column":1}},"15":{"start":{"line":16,"column":0},"end":{"line":16,"column":0}},"16":{"start":{"line":17,"column":0},"end":{"line":17,"column":7}},"17":{"start":{"line":18,"column":0},"end":{"line":18,"column":0}},"18":{"start":{"line":19,"column":0},"end":{"line":19,"column":80}},"19":{"start":{"line":20,"column":0},"end":{"line":20,"column":27}},"20":{"start":{"line":21,"column":0},"end":{"line":21,"column":94}},"21":{"start":{"line":22,"column":0},"end":{"line":22,"column":13}},"22":{"start":{"line":23,"column":0},"end":{"line":23,"column":41}},"23":{"start":{"line":24,"column":0},"end":{"line":24,"column":5}},"24":{"start":{"line":25,"column":0},"end":{"line":25,"column":43}},"25":{"start":{"line":26,"column":0},"end":{"line":26,"column":1}},"26":{"start":{"line":27,"column":0},"end":{"line":27,"column":0}},"27":{"start":{"line":28,"column":0},"end":{"line":28,"column":81}},"28":{"start":{"line":29,"column":0},"end":{"line":29,"column":8}},"29":{"start":{"line":30,"column":0},"end":{"line":30,"column":51}},"30":{"start":{"line":31,"column":0},"end":{"line":31,"column":61}},"31":{"start":{"line":32,"column":0},"end":{"line":32,"column":90}},"32":{"start":{"line":33,"column":0},"end":{"line":33,"column":0}},"33":{"start":{"line":34,"column":0},"end":{"line":34,"column":25}},"34":{"start":{"line":35,"column":0},"end":{"line":35,"column":62}},"35":{"start":{"line":36,"column":0},"end":{"line":36,"column":9}},"36":{"start":{"line":37,"column":0},"end":{"line":37,"column":0}},"37":{"start":{"line":38,"column":0},"end":{"line":38,"column":18}},"38":{"start":{"line":39,"column":0},"end":{"line":39,"column":21}},"39":{"start":{"line":40,"column":0},"end":{"line":40,"column":39}},"40":{"start":{"line":41,"column":0},"end":{"line":41,"column":85}},"41":{"start":{"line":42,"column":0},"end":{"line":42,"column":14}},"42":{"start":{"line":43,"column":0},"end":{"line":43,"column":22}},"43":{"start":{"line":44,"column":0},"end":{"line":44,"column":9}},"44":{"start":{"line":45,"column":0},"end":{"line":45,"column":0}},"45":{"start":{"line":46,"column":0},"end":{"line":46,"column":0}},"46":{"start":{"line":47,"column":0},"end":{"line":47,"column":56}},"47":{"start":{"line":48,"column":0},"end":{"line":48,"column":28}},"48":{"start":{"line":49,"column":0},"end":{"line":49,"column":10}},"49":{"start":{"line":50,"column":0},"end":{"line":50,"column":0}},"50":{"start":{"line":51,"column":0},"end":{"line":51,"column":98}},"51":{"start":{"line":52,"column":0},"end":{"line":52,"column":43}},"52":{"start":{"line":53,"column":0},"end":{"line":53,"column":5}},"53":{"start":{"line":54,"column":0},"end":{"line":54,"column":16}},"54":{"start":{"line":55,"column":0},"end":{"line":55,"column":33}},"55":{"start":{"line":56,"column":0},"end":{"line":56,"column":5}},"56":{"start":{"line":57,"column":0},"end":{"line":57,"column":4}},"57":{"start":{"line":58,"column":0},"end":{"line":58,"column":1}},"58":{"start":{"line":59,"column":0},"end":{"line":59,"column":0}},"59":{"start":{"line":60,"column":0},"end":{"line":60,"column":83}},"60":{"start":{"line":61,"column":0},"end":{"line":61,"column":27}},"61":{"start":{"line":62,"column":0},"end":{"line":62,"column":64}},"62":{"start":{"line":63,"column":0},"end":{"line":63,"column":13}},"63":{"start":{"line":64,"column":0},"end":{"line":64,"column":77}},"64":{"start":{"line":65,"column":0},"end":{"line":65,"column":20}},"65":{"start":{"line":66,"column":0},"end":{"line":66,"column":22}},"66":{"start":{"line":67,"column":0},"end":{"line":67,"column":10}},"67":{"start":{"line":68,"column":0},"end":{"line":68,"column":4}},"68":{"start":{"line":69,"column":0},"end":{"line":69,"column":52}},"69":{"start":{"line":70,"column":0},"end":{"line":70,"column":5}},"70":{"start":{"line":71,"column":0},"end":{"line":71,"column":0}},"71":{"start":{"line":72,"column":0},"end":{"line":72,"column":43}},"72":{"start":{"line":73,"column":0},"end":{"line":73,"column":1}},"73":{"start":{"line":74,"column":0},"end":{"line":74,"column":0}},"74":{"start":{"line":75,"column":0},"end":{"line":75,"column":8}},"75":{"start":{"line":76,"column":0},"end":{"line":76,"column":81}},"76":{"start":{"line":77,"column":0},"end":{"line":77,"column":38}},"77":{"start":{"line":78,"column":0},"end":{"line":78,"column":0}},"78":{"start":{"line":79,"column":0},"end":{"line":79,"column":85}},"79":{"start":{"line":80,"column":0},"end":{"line":80,"column":20}},"80":{"start":{"line":81,"column":0},"end":{"line":81,"column":88}},"81":{"start":{"line":82,"column":0},"end":{"line":82,"column":27}},"82":{"start":{"line":83,"column":0},"end":{"line":83,"column":47}},"83":{"start":{"line":84,"column":0},"end":{"line":84,"column":34}},"84":{"start":{"line":85,"column":0},"end":{"line":85,"column":14}},"85":{"start":{"line":86,"column":0},"end":{"line":86,"column":68}},"86":{"start":{"line":87,"column":0},"end":{"line":87,"column":9}},"87":{"start":{"line":88,"column":0},"end":{"line":88,"column":55}},"88":{"start":{"line":89,"column":0},"end":{"line":89,"column":5}},"89":{"start":{"line":90,"column":0},"end":{"line":90,"column":0}},"90":{"start":{"line":91,"column":0},"end":{"line":91,"column":42}},"91":{"start":{"line":92,"column":0},"end":{"line":92,"column":1}}},"s":{"0":1,"1":1,"2":1,"3":1,"4":1,"5":1,"6":1,"7":1,"8":1,"9":1,"10":0,"11":0,"12":0,"13":0,"14":0,"15":1,"16":1,"17":1,"18":1,"19":1,"20":1,"21":1,"22":0,"23":0,"24":1,"25":1,"26":1,"27":1,"28":7,"29":7,"30":7,"31":7,"32":7,"33":7,"34":1,"35":1,"36":5,"37":5,"38":7,"39":0,"40":0,"41":7,"42":5,"43":5,"44":5,"45":5,"46":5,"47":5,"48":5,"49":5,"50":5,"51":7,"52":7,"53":7,"54":7,"55":7,"56":7,"57":7,"58":1,"59":1,"60":1,"61":1,"62":1,"63":1,"64":1,"65":1,"66":1,"67":1,"68":1,"69":1,"70":1,"71":1,"72":1,"73":1,"74":1,"75":1,"76":1,"77":1,"78":1,"79":1,"80":0,"81":1,"82":1,"83":1,"84":1,"85":1,"86":1,"87":1,"88":1,"89":1,"90":1,"91":1},"branchMap":{"0":{"type":"branch","line":92,"loc":{"start":{"line":92,"column":1},"end":{"line":92,"column":1}},"locations":[{"start":{"line":92,"column":1},"end":{"line":92,"column":1}}]},"1":{"type":"branch","line":92,"loc":{"start":{"line":92,"column":1},"end":{"line":92,"column":1}},"locations":[{"start":{"line":92,"column":1},"end":{"line":92,"column":1}}]},"2":{"type":"branch","line":92,"loc":{"start":{"line":92,"column":1},"end":{"line":92,"column":1}},"locations":[{"start":{"line":92,"column":1},"end":{"line":92,"column":1}}]},"3":{"type":"branch","line":92,"loc":{"start":{"line":92,"column":1},"end":{"line":92,"column":1}},"locations":[{"start":{"line":92,"column":1},"end":{"line":92,"column":1}}]},"4":{"type":"branch","line":92,"loc":{"start":{"line":92,"column":1},"end":{"line":92,"column":1}},"locations":[{"start":{"line":92,"column":1},"end":{"line":92,"column":1}}]},"5":{"type":"branch","line":92,"loc":{"start":{"line":92,"column":1},"end":{"line":92,"column":1}},"locations":[{"start":{"line":92,"column":1},"end":{"line":92,"column":1}}]},"6":{"type":"branch","line":92,"loc":{"start":{"line":92,"column":1},"end":{"line":92,"column":1}},"locations":[{"start":{"line":92,"column":1},"end":{"line":92,"column":1}}]},"7":{"type":"branch","line":92,"loc":{"start":{"line":92,"column":1},"end":{"line":92,"column":1}},"locations":[{"start":{"line":92,"column":1},"end":{"line":92,"column":1}}]},"8":{"type":"branch","line":92,"loc":{"start":{"line":92,"column":1},"end":{"line":92,"column":1}},"locations":[{"start":{"line":92,"column":1},"end":{"line":92,"column":1}}]},"9":{"type":"branch","line":92,"loc":{"start":{"line":92,"column":1},"end":{"line":92,"column":1}},"locations":[{"start":{"line":92,"column":1},"end":{"line":92,"column":1}}]},"10":{"type":"branch","line":92,"loc":{"start":{"line":92,"column":1},"end":{"line":92,"column":1}},"locations":[{"start":{"line":92,"column":1},"end":{"line":92,"column":1}}]},"11":{"type":"branch","line":92,"loc":{"start":{"line":92,"column":1},"end":{"line":92,"column":1}},"locations":[{"start":{"line":92,"column":1},"end":{"line":92,"column":1}}]},"12":{"type":"branch","line":92,"loc":{"start":{"line":92,"column":1},"end":{"line":92,"column":1}},"locations":[{"start":{"line":92,"column":1},"end":{"line":92,"column":1}}]},"13":{"type":"branch","line":92,"loc":{"start":{"line":92,"column":1},"end":{"line":92,"column":1}},"locations":[{"start":{"line":92,"column":1},"end":{"line":92,"column":1}}]},"14":{"type":"branch","line":92,"loc":{"start":{"line":92,"column":1},"end":{"line":92,"column":1}},"locations":[{"start":{"line":92,"column":1},"end":{"line":92,"column":1}}]},"15":{"type":"branch","line":92,"loc":{"start":{"line":92,"column":1},"end":{"line":92,"column":1}},"locations":[{"start":{"line":92,"column":1},"end":{"line":92,"column":1}}]},"16":{"type":"branch","line":92,"loc":{"start":{"line":92,"column":1},"end":{"line":92,"column":1}},"locations":[{"start":{"line":92,"column":1},"end":{"line":92,"column":1}}]},"17":{"type":"branch","line":92,"loc":{"start":{"line":92,"column":1},"end":{"line":92,"column":1}},"locations":[{"start":{"line":92,"column":1},"end":{"line":92,"column":1}}]},"18":{"type":"branch","line":92,"loc":{"start":{"line":92,"column":1},"end":{"line":92,"column":1}},"locations":[{"start":{"line":92,"column":1},"end":{"line":92,"column":1}}]},"19":{"type":"branch","line":92,"loc":{"start":{"line":92,"column":1},"end":{"line":92,"column":1}},"locations":[{"start":{"line":92,"column":1},"end":{"line":92,"column":1}}]},"20":{"type":"branch","line":92,"loc":{"start":{"line":92,"column":1},"end":{"line":92,"column":1}},"locations":[{"start":{"line":92,"column":1},"end":{"line":92,"column":1}}]},"21":{"type":"branch","line":92,"loc":{"start":{"line":92,"column":1},"end":{"line":92,"column":1}},"locations":[{"start":{"line":92,"column":1},"end":{"line":92,"column":1}}]},"22":{"type":"branch","line":92,"loc":{"start":{"line":92,"column":1},"end":{"line":92,"column":1}},"locations":[{"start":{"line":92,"column":1},"end":{"line":92,"column":1}}]},"23":{"type":"branch","line":92,"loc":{"start":{"line":92,"column":1},"end":{"line":92,"column":1}},"locations":[{"start":{"line":92,"column":1},"end":{"line":92,"column":1}}]},"24":{"type":"branch","line":92,"loc":{"start":{"line":92,"column":1},"end":{"line":92,"column":1}},"locations":[{"start":{"line":92,"column":1},"end":{"line":92,"column":1}}]},"25":{"type":"branch","line":92,"loc":{"start":{"line":92,"column":1},"end":{"line":92,"column":1}},"locations":[{"start":{"line":92,"column":1},"end":{"line":92,"column":1}}]},"26":{"type":"branch","line":92,"loc":{"start":{"line":92,"column":1},"end":{"line":92,"column":1}},"locations":[{"start":{"line":92,"column":1},"end":{"line":92,"column":1}}]},"27":{"type":"branch","line":92,"loc":{"start":{"line":92,"column":1},"end":{"line":92,"column":1}},"locations":[{"start":{"line":92,"column":1},"end":{"line":92,"column":1}}]},"28":{"type":"branch","line":92,"loc":{"start":{"line":92,"column":1},"end":{"line":92,"column":1}},"locations":[{"start":{"line":92,"column":1},"end":{"line":92,"column":1}}]},"29":{"type":"branch","line":92,"loc":{"start":{"line":92,"column":1},"end":{"line":92,"column":1}},"locations":[{"start":{"line":92,"column":1},"end":{"line":92,"column":1}}]},"30":{"type":"branch","line":92,"loc":{"start":{"line":92,"column":1},"end":{"line":92,"column":1}},"locations":[{"start":{"line":92,"column":1},"end":{"line":92,"column":1}}]},"31":{"type":"branch","line":92,"loc":{"start":{"line":92,"column":1},"end":{"line":92,"column":1}},"locations":[{"start":{"line":92,"column":1},"end":{"line":92,"column":1}}]},"32":{"type":"branch","line":92,"loc":{"start":{"line":92,"column":1},"end":{"line":92,"column":1}},"locations":[{"start":{"line":92,"column":1},"end":{"line":92,"column":1}}]},"33":{"type":"branch","line":92,"loc":{"start":{"line":92,"column":1},"end":{"line":92,"column":1}},"locations":[{"start":{"line":92,"column":1},"end":{"line":92,"column":1}}]},"34":{"type":"branch","line":92,"loc":{"start":{"line":92,"column":1},"end":{"line":92,"column":1}},"locations":[{"start":{"line":92,"column":1},"end":{"line":92,"column":1}}]},"35":{"type":"branch","line":92,"loc":{"start":{"line":92,"column":1},"end":{"line":92,"column":1}},"locations":[{"start":{"line":92,"column":1},"end":{"line":92,"column":1}}]},"36":{"type":"branch","line":92,"loc":{"start":{"line":92,"column":1},"end":{"line":92,"column":1}},"locations":[{"start":{"line":92,"column":1},"end":{"line":92,"column":1}}]},"37":{"type":"branch","line":92,"loc":{"start":{"line":92,"column":1},"end":{"line":92,"column":1}},"locations":[{"start":{"line":92,"column":1},"end":{"line":92,"column":1}}]},"38":{"type":"branch","line":92,"loc":{"start":{"line":92,"column":1},"end":{"line":92,"column":1}},"locations":[{"start":{"line":92,"column":1},"end":{"line":92,"column":1}}]},"39":{"type":"branch","line":92,"loc":{"start":{"line":92,"column":1},"end":{"line":92,"column":1}},"locations":[{"start":{"line":92,"column":1},"end":{"line":92,"column":1}}]},"40":{"type":"branch","line":92,"loc":{"start":{"line":92,"column":1},"end":{"line":92,"column":1}},"locations":[{"start":{"line":92,"column":1},"end":{"line":92,"column":1}}]},"41":{"type":"branch","line":92,"loc":{"start":{"line":92,"column":1},"end":{"line":92,"column":1}},"locations":[{"start":{"line":92,"column":1},"end":{"line":92,"column":1}}]},"42":{"type":"branch","line":92,"loc":{"start":{"line":92,"column":1},"end":{"line":92,"column":1}},"locations":[{"start":{"line":92,"column":1},"end":{"line":92,"column":1}}]},"43":{"type":"branch","line":92,"loc":{"start":{"line":92,"column":1},"end":{"line":92,"column":1}},"locations":[{"start":{"line":92,"column":1},"end":{"line":92,"column":1}}]},"44":{"type":"branch","line":92,"loc":{"start":{"line":92,"column":1},"end":{"line":92,"column":1}},"locations":[{"start":{"line":92,"column":1},"end":{"line":92,"column":1}}]},"45":{"type":"branch","line":92,"loc":{"start":{"line":92,"column":1},"end":{"line":92,"column":1}},"locations":[{"start":{"line":92,"column":1},"end":{"line":92,"column":1}}]},"46":{"type":"branch","line":92,"loc":{"start":{"line":92,"column":1},"end":{"line":92,"column":1}},"locations":[{"start":{"line":92,"column":1},"end":{"line":92,"column":1}}]},"47":{"type":"branch","line":92,"loc":{"start":{"line":92,"column":1},"end":{"line":92,"column":1}},"locations":[{"start":{"line":92,"column":1},"end":{"line":92,"column":1}}]},"48":{"type":"branch","line":92,"loc":{"start":{"line":92,"column":1},"end":{"line":92,"column":1}},"locations":[{"start":{"line":92,"column":1},"end":{"line":92,"column":1}}]},"49":{"type":"branch","line":92,"loc":{"start":{"line":92,"column":1},"end":{"line":92,"column":1}},"locations":[{"start":{"line":92,"column":1},"end":{"line":92,"column":1}}]},"50":{"type":"branch","line":92,"loc":{"start":{"line":92,"column":1},"end":{"line":92,"column":1}},"locations":[{"start":{"line":92,"column":1},"end":{"line":92,"column":1}}]},"51":{"type":"branch","line":92,"loc":{"start":{"line":92,"column":1},"end":{"line":92,"column":1}},"locations":[{"start":{"line":92,"column":1},"end":{"line":92,"column":1}}]},"52":{"type":"branch","line":92,"loc":{"start":{"line":92,"column":1},"end":{"line":92,"column":1}},"locations":[{"start":{"line":92,"column":1},"end":{"line":92,"column":1}}]},"53":{"type":"branch","line":92,"loc":{"start":{"line":92,"column":1},"end":{"line":92,"column":1}},"locations":[{"start":{"line":92,"column":1},"end":{"line":92,"column":1}}]},"54":{"type":"branch","line":92,"loc":{"start":{"line":92,"column":1},"end":{"line":92,"column":1}},"locations":[{"start":{"line":92,"column":1},"end":{"line":92,"column":1}}]},"55":{"type":"branch","line":92,"loc":{"start":{"line":92,"column":1},"end":{"line":92,"column":1}},"locations":[{"start":{"line":92,"column":1},"end":{"line":92,"column":1}}]},"56":{"type":"branch","line":92,"loc":{"start":{"line":92,"column":1},"end":{"line":92,"column":1}},"locations":[{"start":{"line":92,"column":1},"end":{"line":92,"column":1}}]},"57":{"type":"branch","line":92,"loc":{"start":{"line":92,"column":1},"end":{"line":92,"column":1}},"locations":[{"start":{"line":92,"column":1},"end":{"line":92,"column":1}}]},"58":{"type":"branch","line":19,"loc":{"start":{"line":19,"column":20},"end":{"line":26,"column":1}},"locations":[{"start":{"line":19,"column":20},"end":{"line":26,"column":1}}]},"59":{"type":"branch","line":19,"loc":{"start":{"line":19,"column":74},"end":{"line":26,"column":1}},"locations":[{"start":{"line":19,"column":74},"end":{"line":26,"column":1}}]},"60":{"type":"branch","line":92,"loc":{"start":{"line":92,"column":1},"end":{"line":92,"column":1}},"locations":[{"start":{"line":92,"column":1},"end":{"line":92,"column":1}}]},"61":{"type":"branch","line":92,"loc":{"start":{"line":92,"column":1},"end":{"line":92,"column":1}},"locations":[{"start":{"line":92,"column":1},"end":{"line":92,"column":1}}]},"62":{"type":"branch","line":92,"loc":{"start":{"line":92,"column":1},"end":{"line":92,"column":1}},"locations":[{"start":{"line":92,"column":1},"end":{"line":92,"column":1}}]},"63":{"type":"branch","line":22,"loc":{"start":{"line":22,"column":12},"end":{"line":24,"column":5}},"locations":[{"start":{"line":22,"column":12},"end":{"line":24,"column":5}}]},"64":{"type":"branch","line":28,"loc":{"start":{"line":28,"column":21},"end":{"line":58,"column":1}},"locations":[{"start":{"line":28,"column":21},"end":{"line":58,"column":1}}]},"65":{"type":"branch","line":28,"loc":{"start":{"line":28,"column":75},"end":{"line":58,"column":1}},"locations":[{"start":{"line":28,"column":75},"end":{"line":58,"column":1}}]},"66":{"type":"branch","line":92,"loc":{"start":{"line":92,"column":1},"end":{"line":92,"column":1}},"locations":[{"start":{"line":92,"column":1},"end":{"line":92,"column":1}}]},"67":{"type":"branch","line":92,"loc":{"start":{"line":92,"column":1},"end":{"line":92,"column":1}},"locations":[{"start":{"line":92,"column":1},"end":{"line":92,"column":1}}]},"68":{"type":"branch","line":92,"loc":{"start":{"line":92,"column":1},"end":{"line":92,"column":1}},"locations":[{"start":{"line":92,"column":1},"end":{"line":92,"column":1}}]},"69":{"type":"branch","line":92,"loc":{"start":{"line":92,"column":1},"end":{"line":92,"column":1}},"locations":[{"start":{"line":92,"column":1},"end":{"line":92,"column":1}}]},"70":{"type":"branch","line":34,"loc":{"start":{"line":34,"column":24},"end":{"line":36,"column":9}},"locations":[{"start":{"line":34,"column":24},"end":{"line":36,"column":9}}]},"71":{"type":"branch","line":36,"loc":{"start":{"line":36,"column":9},"end":{"line":39,"column":20}},"locations":[{"start":{"line":36,"column":9},"end":{"line":39,"column":20}}]},"72":{"type":"branch","line":39,"loc":{"start":{"line":39,"column":20},"end":{"line":42,"column":13}},"locations":[{"start":{"line":39,"column":20},"end":{"line":42,"column":13}}]},"73":{"type":"branch","line":42,"loc":{"start":{"line":42,"column":9},"end":{"line":51,"column":98}},"locations":[{"start":{"line":42,"column":9},"end":{"line":51,"column":98}}]},"74":{"type":"branch","line":92,"loc":{"start":{"line":92,"column":1},"end":{"line":92,"column":1}},"locations":[{"start":{"line":92,"column":1},"end":{"line":92,"column":1}}]},"75":{"type":"branch","line":92,"loc":{"start":{"line":92,"column":1},"end":{"line":92,"column":1}},"locations":[{"start":{"line":92,"column":1},"end":{"line":92,"column":1}}]},"76":{"type":"branch","line":92,"loc":{"start":{"line":92,"column":1},"end":{"line":92,"column":1}},"locations":[{"start":{"line":92,"column":1},"end":{"line":92,"column":1}}]},"77":{"type":"branch","line":60,"loc":{"start":{"line":60,"column":23},"end":{"line":73,"column":1}},"locations":[{"start":{"line":60,"column":23},"end":{"line":73,"column":1}}]},"78":{"type":"branch","line":60,"loc":{"start":{"line":60,"column":77},"end":{"line":73,"column":1}},"locations":[{"start":{"line":60,"column":77},"end":{"line":73,"column":1}}]},"79":{"type":"branch","line":92,"loc":{"start":{"line":92,"column":1},"end":{"line":92,"column":1}},"locations":[{"start":{"line":92,"column":1},"end":{"line":92,"column":1}}]},"80":{"type":"branch","line":92,"loc":{"start":{"line":92,"column":1},"end":{"line":92,"column":1}},"locations":[{"start":{"line":92,"column":1},"end":{"line":92,"column":1}}]},"81":{"type":"branch","line":92,"loc":{"start":{"line":92,"column":1},"end":{"line":92,"column":1}},"locations":[{"start":{"line":92,"column":1},"end":{"line":92,"column":1}}]},"82":{"type":"branch","line":63,"loc":{"start":{"line":63,"column":7},"end":{"line":63,"column":11}},"locations":[{"start":{"line":63,"column":7},"end":{"line":63,"column":11}}]},"83":{"type":"branch","line":92,"loc":{"start":{"line":92,"column":1},"end":{"line":92,"column":1}},"locations":[{"start":{"line":92,"column":1},"end":{"line":92,"column":1}}]},"84":{"type":"branch","line":92,"loc":{"start":{"line":92,"column":1},"end":{"line":92,"column":1}},"locations":[{"start":{"line":92,"column":1},"end":{"line":92,"column":1}}]},"85":{"type":"branch","line":76,"loc":{"start":{"line":76,"column":21},"end":{"line":92,"column":1}},"locations":[{"start":{"line":76,"column":21},"end":{"line":92,"column":1}}]},"86":{"type":"branch","line":76,"loc":{"start":{"line":76,"column":75},"end":{"line":92,"column":1}},"locations":[{"start":{"line":76,"column":75},"end":{"line":92,"column":1}}]},"87":{"type":"branch","line":92,"loc":{"start":{"line":92,"column":1},"end":{"line":92,"column":1}},"locations":[{"start":{"line":92,"column":1},"end":{"line":92,"column":1}}]},"88":{"type":"branch","line":92,"loc":{"start":{"line":92,"column":1},"end":{"line":92,"column":1}},"locations":[{"start":{"line":92,"column":1},"end":{"line":92,"column":1}}]},"89":{"type":"branch","line":92,"loc":{"start":{"line":92,"column":1},"end":{"line":92,"column":1}},"locations":[{"start":{"line":92,"column":1},"end":{"line":92,"column":1}}]},"90":{"type":"branch","line":80,"loc":{"start":{"line":80,"column":18},"end":{"line":81,"column":88}},"locations":[{"start":{"line":80,"column":18},"end":{"line":81,"column":88}}]},"91":{"type":"branch","line":92,"loc":{"start":{"line":92,"column":1},"end":{"line":92,"column":1}},"locations":[{"start":{"line":92,"column":1},"end":{"line":92,"column":1}}]},"92":{"type":"branch","line":92,"loc":{"start":{"line":92,"column":1},"end":{"line":92,"column":1}},"locations":[{"start":{"line":92,"column":1},"end":{"line":92,"column":1}}]},"93":{"type":"branch","line":88,"loc":{"start":{"line":88,"column":8},"end":{"line":88,"column":55}},"locations":[{"start":{"line":88,"column":8},"end":{"line":88,"column":55}}]},"94":{"type":"branch","line":92,"loc":{"start":{"line":92,"column":1},"end":{"line":92,"column":1}},"locations":[{"start":{"line":92,"column":1},"end":{"line":92,"column":1}}]}},"b":{"0":[5],"1":[4],"2":[0],"3":[10],"4":[10],"5":[21],"6":[0],"7":[1],"8":[0],"9":[32],"10":[10],"11":[22],"12":[22],"13":[10],"14":[23],"15":[1],"16":[22],"17":[30],"18":[32],"19":[32],"20":[0],"21":[79],"22":[0],"23":[0],"24":[0],"25":[0],"26":[31],"27":[32],"28":[22],"29":[0],"30":[0],"31":[25],"32":[8],"33":[17],"34":[10],"35":[21],"36":[15],"37":[13],"38":[6],"39":[21],"40":[7],"41":[8],"42":[1],"43":[1],"44":[7],"45":[0],"46":[7],"47":[0],"48":[7],"49":[62],"50":[40],"51":[39],"52":[1],"53":[40],"54":[10],"55":[0],"56":[10],"57":[0],"58":[1],"59":[1],"60":[2],"61":[1],"62":[1],"63":[0],"64":[7],"65":[7],"66":[32],"67":[7],"68":[7],"69":[6],"70":[1],"71":[5],"72":[0],"73":[5],"74":[5],"75":[1],"76":[6],"77":[1],"78":[1],"79":[3],"80":[1],"81":[1],"82":[0],"83":[1],"84":[0],"85":[1],"86":[1],"87":[3],"88":[1],"89":[1],"90":[0],"91":[0],"92":[0],"93":[0],"94":[1]},"fnMap":{"0":{"name":"__assign","decl":{"start":{"line":92,"column":1},"end":{"line":92,"column":1}},"loc":{"start":{"line":92,"column":1},"end":{"line":92,"column":1}},"line":92},"1":{"name":"__assign","decl":{"start":{"line":92,"column":1},"end":{"line":92,"column":1}},"loc":{"start":{"line":92,"column":1},"end":{"line":92,"column":1}},"line":92},"2":{"name":"__awaiter","decl":{"start":{"line":92,"column":1},"end":{"line":92,"column":1}},"loc":{"start":{"line":92,"column":1},"end":{"line":92,"column":1}},"line":92},"3":{"name":"fulfilled","decl":{"start":{"line":92,"column":1},"end":{"line":92,"column":1}},"loc":{"start":{"line":92,"column":1},"end":{"line":92,"column":1}},"line":92},"4":{"name":"rejected","decl":{"start":{"line":92,"column":1},"end":{"line":92,"column":1}},"loc":{"start":{"line":92,"column":1},"end":{"line":92,"column":1}},"line":92},"5":{"name":"step","decl":{"start":{"line":92,"column":1},"end":{"line":92,"column":1}},"loc":{"start":{"line":92,"column":1},"end":{"line":92,"column":1}},"line":92},"6":{"name":"__generator","decl":{"start":{"line":92,"column":1},"end":{"line":92,"column":1}},"loc":{"start":{"line":92,"column":1},"end":{"line":92,"column":1}},"line":92},"7":{"name":"sent","decl":{"start":{"line":92,"column":1},"end":{"line":92,"column":1}},"loc":{"start":{"line":92,"column":1},"end":{"line":92,"column":1}},"line":92},"8":{"name":"g.<computed>","decl":{"start":{"line":92,"column":1},"end":{"line":92,"column":1}},"loc":{"start":{"line":92,"column":1},"end":{"line":92,"column":1}},"line":92},"9":{"name":"verb","decl":{"start":{"line":92,"column":1},"end":{"line":92,"column":1}},"loc":{"start":{"line":92,"column":1},"end":{"line":92,"column":1}},"line":92},"10":{"name":"step","decl":{"start":{"line":92,"column":1},"end":{"line":92,"column":1}},"loc":{"start":{"line":92,"column":1},"end":{"line":92,"column":1}},"line":92},"11":{"name":"generateToken","decl":{"start":{"line":10,"column":22},"end":{"line":15,"column":1}},"loc":{"start":{"line":10,"column":22},"end":{"line":15,"column":1}},"line":10},"12":{"name":"exports.show","decl":{"start":{"line":19,"column":20},"end":{"line":26,"column":1}},"loc":{"start":{"line":19,"column":20},"end":{"line":26,"column":1}},"line":19},"13":{"name":"exports.store","decl":{"start":{"line":28,"column":21},"end":{"line":58,"column":1}},"loc":{"start":{"line":28,"column":21},"end":{"line":58,"column":1}},"line":28},"14":{"name":"exports.destroy","decl":{"start":{"line":60,"column":23},"end":{"line":73,"column":1}},"loc":{"start":{"line":60,"column":23},"end":{"line":73,"column":1}},"line":60},"15":{"name":"exports.login","decl":{"start":{"line":76,"column":21},"end":{"line":92,"column":1}},"loc":{"start":{"line":76,"column":21},"end":{"line":92,"column":1}},"line":76}},"f":{"0":4,"1":0,"2":10,"3":21,"4":1,"5":32,"6":10,"7":23,"8":0,"9":30,"10":32,"11":0,"12":1,"13":7,"14":1,"15":1}}
,"C:\\Users\\thiag\\Desktop\\Programacao\\Projects\\saturno\\backend\\src\\entity\\Appointments.ts": {"path":"C:\\Users\\thiag\\Desktop\\Programacao\\Projects\\saturno\\backend\\src\\entity\\Appointments.ts","statementMap":{"0":{"start":{"line":1,"column":0},"end":{"line":1,"column":34}},"1":{"start":{"line":2,"column":0},"end":{"line":2,"column":30}},"2":{"start":{"line":3,"column":0},"end":{"line":3,"column":98}},"3":{"start":{"line":4,"column":0},"end":{"line":4,"column":0}},"4":{"start":{"line":5,"column":0},"end":{"line":5,"column":9}},"5":{"start":{"line":6,"column":0},"end":{"line":6,"column":26}},"6":{"start":{"line":7,"column":0},"end":{"line":7,"column":0}},"7":{"start":{"line":8,"column":0},"end":{"line":8,"column":29}},"8":{"start":{"line":9,"column":0},"end":{"line":9,"column":15}},"9":{"start":{"line":10,"column":0},"end":{"line":10,"column":0}},"10":{"start":{"line":11,"column":0},"end":{"line":11,"column":27}},"11":{"start":{"line":12,"column":0},"end":{"line":12,"column":15}},"12":{"start":{"line":13,"column":0},"end":{"line":13,"column":0}},"13":{"start":{"line":14,"column":0},"end":{"line":14,"column":67}},"14":{"start":{"line":15,"column":0},"end":{"line":15,"column":43}},"15":{"start":{"line":16,"column":0},"end":{"line":16,"column":18}},"16":{"start":{"line":17,"column":0},"end":{"line":17,"column":0}},"17":{"start":{"line":18,"column":0},"end":{"line":18,"column":76}},"18":{"start":{"line":19,"column":0},"end":{"line":19,"column":45}},"19":{"start":{"line":20,"column":0},"end":{"line":20,"column":22}},"20":{"start":{"line":21,"column":0},"end":{"line":21,"column":0}},"21":{"start":{"line":22,"column":0},"end":{"line":22,"column":13}},"22":{"start":{"line":23,"column":0},"end":{"line":23,"column":17}},"23":{"start":{"line":24,"column":0},"end":{"line":24,"column":0}},"24":{"start":{"line":25,"column":0},"end":{"line":25,"column":13}},"25":{"start":{"line":26,"column":0},"end":{"line":26,"column":17}},"26":{"start":{"line":27,"column":0},"end":{"line":27,"column":0}},"27":{"start":{"line":28,"column":0},"end":{"line":28,"column":13}},"28":{"start":{"line":29,"column":0},"end":{"line":29,"column":21}},"29":{"start":{"line":30,"column":0},"end":{"line":30,"column":0}},"30":{"start":{"line":31,"column":0},"end":{"line":31,"column":13}},"31":{"start":{"line":32,"column":0},"end":{"line":32,"column":17}},"32":{"start":{"line":33,"column":0},"end":{"line":33,"column":0}},"33":{"start":{"line":34,"column":0},"end":{"line":34,"column":1}}},"s":{"0":1,"1":1,"2":1,"3":1,"4":1,"5":7,"6":7,"7":7,"8":7,"9":7,"10":7,"11":7,"12":7,"13":7,"14":7,"15":7,"16":7,"17":7,"18":7,"19":7,"20":7,"21":7,"22":7,"23":7,"24":7,"25":7,"26":7,"27":7,"28":7,"29":7,"30":7,"31":7,"32":7,"33":7},"branchMap":{"0":{"type":"branch","line":34,"loc":{"start":{"line":34,"column":1},"end":{"line":34,"column":1}},"locations":[{"start":{"line":34,"column":1},"end":{"line":34,"column":1}}]},"1":{"type":"branch","line":34,"loc":{"start":{"line":34,"column":1},"end":{"line":34,"column":1}},"locations":[{"start":{"line":34,"column":1},"end":{"line":34,"column":1}}]},"2":{"type":"branch","line":34,"loc":{"start":{"line":34,"column":1},"end":{"line":34,"column":1}},"locations":[{"start":{"line":34,"column":1},"end":{"line":34,"column":1}}]},"3":{"type":"branch","line":34,"loc":{"start":{"line":34,"column":1},"end":{"line":34,"column":1}},"locations":[{"start":{"line":34,"column":1},"end":{"line":34,"column":1}}]},"4":{"type":"branch","line":34,"loc":{"start":{"line":34,"column":1},"end":{"line":34,"column":1}},"locations":[{"start":{"line":34,"column":1},"end":{"line":34,"column":1}}]},"5":{"type":"branch","line":34,"loc":{"start":{"line":34,"column":1},"end":{"line":34,"column":1}},"locations":[{"start":{"line":34,"column":1},"end":{"line":34,"column":1}}]},"6":{"type":"branch","line":34,"loc":{"start":{"line":34,"column":1},"end":{"line":34,"column":1}},"locations":[{"start":{"line":34,"column":1},"end":{"line":34,"column":1}}]},"7":{"type":"branch","line":34,"loc":{"start":{"line":34,"column":1},"end":{"line":34,"column":1}},"locations":[{"start":{"line":34,"column":1},"end":{"line":34,"column":1}}]},"8":{"type":"branch","line":34,"loc":{"start":{"line":34,"column":1},"end":{"line":34,"column":1}},"locations":[{"start":{"line":34,"column":1},"end":{"line":34,"column":1}}]},"9":{"type":"branch","line":6,"loc":{"start":{"line":6,"column":0},"end":{"line":34,"column":1}},"locations":[{"start":{"line":6,"column":0},"end":{"line":34,"column":1}}]},"10":{"type":"branch","line":6,"loc":{"start":{"line":6,"column":0},"end":{"line":34,"column":1}},"locations":[{"start":{"line":6,"column":0},"end":{"line":34,"column":1}}]},"11":{"type":"branch","line":14,"loc":{"start":{"line":14,"column":16},"end":{"line":14,"column":28}},"locations":[{"start":{"line":14,"column":16},"end":{"line":14,"column":28}}]},"12":{"type":"branch","line":14,"loc":{"start":{"line":14,"column":30},"end":{"line":14,"column":54}},"locations":[{"start":{"line":14,"column":30},"end":{"line":14,"column":54}}]},"13":{"type":"branch","line":18,"loc":{"start":{"line":18,"column":16},"end":{"line":18,"column":30}},"locations":[{"start":{"line":18,"column":16},"end":{"line":18,"column":30}}]},"14":{"type":"branch","line":18,"loc":{"start":{"line":18,"column":32},"end":{"line":18,"column":63}},"locations":[{"start":{"line":18,"column":32},"end":{"line":18,"column":63}}]}},"b":{"0":[5],"1":[45],"2":[5],"3":[40],"4":[0],"5":[0],"6":[40],"7":[0],"8":[40],"9":[5],"10":[7],"11":[5],"12":[5],"13":[5],"14":[5]},"fnMap":{"0":{"name":"__decorate","decl":{"start":{"line":34,"column":1},"end":{"line":34,"column":1}},"loc":{"start":{"line":34,"column":1},"end":{"line":34,"column":1}},"line":34},"1":{"name":"__metadata","decl":{"start":{"line":34,"column":1},"end":{"line":34,"column":1}},"loc":{"start":{"line":34,"column":1},"end":{"line":34,"column":1}},"line":34},"2":{"name":"Appoitments","decl":{"start":{"line":6,"column":0},"end":{"line":34,"column":1}},"loc":{"start":{"line":6,"column":0},"end":{"line":34,"column":1}},"line":6},"3":{"name":"typeorm_1.JoinTable.name","decl":{"start":{"line":14,"column":16},"end":{"line":14,"column":28}},"loc":{"start":{"line":14,"column":16},"end":{"line":14,"column":28}},"line":14},"4":{"name":"typeorm_1.JoinTable.name","decl":{"start":{"line":18,"column":16},"end":{"line":18,"column":30}},"loc":{"start":{"line":18,"column":16},"end":{"line":18,"column":30}},"line":18}},"f":{"0":45,"1":40,"2":7,"3":5,"4":5}}
,"C:\\Users\\thiag\\Desktop\\Programacao\\Projects\\saturno\\backend\\src\\entity\\Studio.ts": {"path":"C:\\Users\\thiag\\Desktop\\Programacao\\Projects\\saturno\\backend\\src\\entity\\Studio.ts","statementMap":{"0":{"start":{"line":1,"column":0},"end":{"line":1,"column":45}},"1":{"start":{"line":2,"column":0},"end":{"line":2,"column":109}},"2":{"start":{"line":3,"column":0},"end":{"line":3,"column":0}},"3":{"start":{"line":4,"column":0},"end":{"line":4,"column":9}},"4":{"start":{"line":5,"column":0},"end":{"line":5,"column":21}},"5":{"start":{"line":6,"column":0},"end":{"line":6,"column":0}},"6":{"start":{"line":7,"column":0},"end":{"line":7,"column":29}},"7":{"start":{"line":8,"column":0},"end":{"line":8,"column":15}},"8":{"start":{"line":9,"column":0},"end":{"line":9,"column":0}},"9":{"start":{"line":10,"column":0},"end":{"line":10,"column":27}},"10":{"start":{"line":11,"column":0},"end":{"line":11,"column":17}},"11":{"start":{"line":12,"column":0},"end":{"line":12,"column":0}},"12":{"start":{"line":13,"column":0},"end":{"line":13,"column":29}},"13":{"start":{"line":14,"column":0},"end":{"line":14,"column":17}},"14":{"start":{"line":15,"column":0},"end":{"line":15,"column":0}},"15":{"start":{"line":16,"column":0},"end":{"line":16,"column":29}},"16":{"start":{"line":17,"column":0},"end":{"line":17,"column":18}},"17":{"start":{"line":18,"column":0},"end":{"line":18,"column":0}},"18":{"start":{"line":19,"column":0},"end":{"line":19,"column":88}},"19":{"start":{"line":20,"column":0},"end":{"line":20,"column":30}},"20":{"start":{"line":21,"column":0},"end":{"line":21,"column":1}}},"s":{"0":1,"1":1,"2":1,"3":1,"4":8,"5":8,"6":8,"7":8,"8":8,"9":8,"10":8,"11":8,"12":8,"13":8,"14":8,"15":8,"16":8,"17":8,"18":8,"19":8,"20":8},"branchMap":{"0":{"type":"branch","line":21,"loc":{"start":{"line":21,"column":1},"end":{"line":21,"column":1}},"locations":[{"start":{"line":21,"column":1},"end":{"line":21,"column":1}}]},"1":{"type":"branch","line":21,"loc":{"start":{"line":21,"column":1},"end":{"line":21,"column":1}},"locations":[{"start":{"line":21,"column":1},"end":{"line":21,"column":1}}]},"2":{"type":"branch","line":21,"loc":{"start":{"line":21,"column":1},"end":{"line":21,"column":1}},"locations":[{"start":{"line":21,"column":1},"end":{"line":21,"column":1}}]},"3":{"type":"branch","line":21,"loc":{"start":{"line":21,"column":1},"end":{"line":21,"column":1}},"locations":[{"start":{"line":21,"column":1},"end":{"line":21,"column":1}}]},"4":{"type":"branch","line":21,"loc":{"start":{"line":21,"column":1},"end":{"line":21,"column":1}},"locations":[{"start":{"line":21,"column":1},"end":{"line":21,"column":1}}]},"5":{"type":"branch","line":21,"loc":{"start":{"line":21,"column":1},"end":{"line":21,"column":1}},"locations":[{"start":{"line":21,"column":1},"end":{"line":21,"column":1}}]},"6":{"type":"branch","line":21,"loc":{"start":{"line":21,"column":1},"end":{"line":21,"column":1}},"locations":[{"start":{"line":21,"column":1},"end":{"line":21,"column":1}}]},"7":{"type":"branch","line":21,"loc":{"start":{"line":21,"column":1},"end":{"line":21,"column":1}},"locations":[{"start":{"line":21,"column":1},"end":{"line":21,"column":1}}]},"8":{"type":"branch","line":21,"loc":{"start":{"line":21,"column":1},"end":{"line":21,"column":1}},"locations":[{"start":{"line":21,"column":1},"end
[...]
d":{"line":25,"column":19}},"locations":[{"start":{"line":25,"column":19},"end":{"line":25,"column":19}}]},"10":{"type":"branch","line":25,"loc":{"start":{"line":25,"column":19},"end":{"line":25,"column":19}},"locations":[{"start":{"line":25,"column":19},"end":{"line":25,"column":19}}]},"11":{"type":"branch","line":25,"loc":{"start":{"line":25,"column":19},"end":{"line":25,"column":19}},"locations":[{"start":{"line":25,"column":19},"end":{"line":25,"column":19}}]},"12":{"type":"branch","line":25,"loc":{"start":{"line":25,"column":19},"end":{"line":25,"column":19}},"locations":[{"start":{"line":25,"column":19},"end":{"line":25,"column":19}}]},"13":{"type":"branch","line":25,"loc":{"start":{"line":25,"column":19},"end":{"line":25,"column":19}},"locations":[{"start":{"line":25,"column":19},"end":{"line":25,"column":19}}]},"14":{"type":"branch","line":25,"loc":{"start":{"line":25,"column":19},"end":{"line":25,"column":19}},"locations":[{"start":{"line":25,"column":19},"end":{"line":25,"column":19}}]},"15":{"type":"branch","line":25,"loc":{"start":{"line":25,"column":19},"end":{"line":25,"column":19}},"locations":[{"start":{"line":25,"column":19},"end":{"line":25,"column":19}}]},"16":{"type":"branch","line":25,"loc":{"start":{"line":25,"column":19},"end":{"line":25,"column":19}},"locations":[{"start":{"line":25,"column":19},"end":{"line":25,"column":19}}]},"17":{"type":"branch","line":25,"loc":{"start":{"line":25,"column":19},"end":{"line":25,"column":19}},"locations":[{"start":{"line":25,"column":19},"end":{"line":25,"column":19}}]},"18":{"type":"branch","line":25,"loc":{"start":{"line":25,"column":19},"end":{"line":25,"column":19}},"locations":[{"start":{"line":25,"column":19},"end":{"line":25,"column":19}}]},"19":{"type":"branch","line":25,"loc":{"start":{"line":25,"column":19},"end":{"line":25,"column":19}},"locations":[{"start":{"line":25,"column":19},"end":{"line":25,"column":19}}]},"20":{"type":"branch","line":25,"loc":{"start":{"line":25,"column":19},"end":{"line":25,"column":19}},"locations":[{"start":{"line":25,"column":19},"end":{"line":25,"column":19}}]},"21":{"type":"branch","line":25,"loc":{"start":{"line":25,"column":19},"end":{"line":25,"column":19}},"locations":[{"start":{"line":25,"column":19},"end":{"line":25,"column":19}}]},"22":{"type":"branch","line":25,"loc":{"start":{"line":25,"column":19},"end":{"line":25,"column":19}},"locations":[{"start":{"line":25,"column":19},"end":{"line":25,"column":19}}]},"23":{"type":"branch","line":25,"loc":{"start":{"line":25,"column":19},"end":{"line":25,"column":19}},"locations":[{"start":{"line":25,"column":19},"end":{"line":25,"column":19}}]},"24":{"type":"branch","line":25,"loc":{"start":{"line":25,"column":19},"end":{"line":25,"column":19}},"locations":[{"start":{"line":25,"column":19},"end":{"line":25,"column":19}}]},"25":{"type":"branch","line":25,"loc":{"start":{"line":25,"column":19},"end":{"line":25,"column":19}},"locations":[{"start":{"line":25,"column":19},"end":{"line":25,"column":19}}]},"26":{"type":"branch","line":25,"loc":{"start":{"line":25,"column":19},"end":{"line":25,"column":19}},"locations":[{"start":{"line":25,"column":19},"end":{"line":25,"column":19}}]},"27":{"type":"branch","line":25,"loc":{"start":{"line":25,"column":19},"end":{"line":25,"column":19}},"locations":[{"start":{"line":25,"column":19},"end":{"line":25,"column":19}}]},"28":{"type":"branch","line":25,"loc":{"start":{"line":25,"column":19},"end":{"line":25,"column":19}},"locations":[{"start":{"line":25,"column":19},"end":{"line":25,"column":19}}]},"29":{"type":"branch","line":25,"loc":{"start":{"line":25,"column":19},"end":{"line":25,"column":19}},"locations":[{"start":{"line":25,"column":19},"end":{"line":25,"column":19}}]},"30":{"type":"branch","line":25,"loc":{"start":{"line":25,"column":19},"end":{"line":25,"column":19}},"locations":[{"start":{"line":25,"column":19},"end":{"line":25,"column":19}}]},"31":{"type":"branch","line":25,"loc":{"start":{"line":25,"column":19},"end":{"line":25,"column":19}},"locations":[{"start":{"line":25,"column":19},"end":{"line":25,"column":19}}]},"32":{"type":"branch","line":25,"loc":{"start":{"line":25,"column":19},"end":{"line":25,"column":19}},"locations":[{"start":{"line":25,"column":19},"end":{"line":25,"column":19}}]},"33":{"type":"branch","line":25,"loc":{"start":{"line":25,"column":19},"end":{"line":25,"column":19}},"locations":[{"start":{"line":25,"column":19},"end":{"line":25,"column":19}}]},"34":{"type":"branch","line":25,"loc":{"start":{"line":25,"column":19},"end":{"line":25,"column":19}},"locations":[{"start":{"line":25,"column":19},"end":{"line":25,"column":19}}]},"35":{"type":"branch","line":25,"loc":{"start":{"line":25,"column":19},"end":{"line":25,"column":19}},"locations":[{"start":{"line":25,"column":19},"end":{"line":25,"column":19}}]},"36":{"type":"branch","line":25,"loc":{"start":{"line":25,"column":19},"end":{"line":25,"column":19}},"locations":[{"start":{"line":25,"column":19},"end":{"line":25,"column":19}}]},"37":{"type":"branch","line":25,"loc":{"start":{"line":25,"column":19},"end":{"line":25,"column":19}},"locations":[{"start":{"line":25,"column":19},"end":{"line":25,"column":19}}]},"38":{"type":"branch","line":25,"loc":{"start":{"line":25,"column":19},"end":{"line":25,"column":19}},"locations":[{"start":{"line":25,"column":19},"end":{"line":25,"column":19}}]},"39":{"type":"branch","line":25,"loc":{"start":{"line":25,"column":19},"end":{"line":25,"column":19}},"locations":[{"start":{"line":25,"column":19},"end":{"line":25,"column":19}}]},"40":{"type":"branch","line":25,"loc":{"start":{"line":25,"column":19},"end":{"line":25,"column":19}},"locations":[{"start":{"line":25,"column":19},"end":{"line":25,"column":19}}]},"41":{"type":"branch","line":25,"loc":{"start":{"line":25,"column":19},"end":{"line":25,"column":19}},"locations":[{"start":{"line":25,"column":19},"end":{"line":25,"column":19}}]},"42":{"type":"branch","line":25,"loc":{"start":{"line":25,"column":19},"end":{"line":25,"column":19}},"locations":[{"start":{"line":25,"column":19},"end":{"line":25,"column":19}}]},"43":{"type":"branch","line":25,"loc":{"start":{"line":25,"column":19},"end":{"line":25,"column":19}},"locations":[{"start":{"line":25,"column":19},"end":{"line":25,"column":19}}]},"44":{"type":"branch","line":25,"loc":{"start":{"line":25,"column":19},"end":{"line":25,"column":19}},"locations":[{"start":{"line":25,"column":19},"end":{"line":25,"column":19}}]},"45":{"type":"branch","line":25,"loc":{"start":{"line":25,"column":19},"end":{"line":25,"column":19}},"locations":[{"start":{"line":25,"column":19},"end":{"line":25,"column":19}}]},"46":{"type":"branch","line":25,"loc":{"start":{"line":25,"column":19},"end":{"line":25,"column":19}},"locations":[{"start":{"line":25,"column":19},"end":{"line":25,"column":19}}]},"47":{"type":"branch","line":25,"loc":{"start":{"line":25,"column":19},"end":{"line":25,"column":19}},"locations":[{"start":{"line":25,"column":19},"end":{"line":25,"column":19}}]},"48":{"type":"branch","line":25,"loc":{"start":{"line":25,"column":19},"end":{"line":25,"column":19}},"locations":[{"start":{"line":25,"column":19},"end":{"line":25,"column":19}}]},"49":{"type":"branch","line":25,"loc":{"start":{"line":25,"column":19},"end":{"line":25,"column":19}},"locations":[{"start":{"line":25,"column":19},"end":{"line":25,"column":19}}]},"50":{"type":"branch","line":4,"loc":{"start":{"line":4,"column":13},"end":{"line":23,"column":1}},"locations":[{"start":{"line":4,"column":13},"end":{"line":23,"column":1}}]},"51":{"type":"branch","line":4,"loc":{"start":{"line":4,"column":67},"end":{"line":23,"column":1}},"locations":[{"start":{"line":4,"column":67},"end":{"line":23,"column":1}}]},"52":{"type":"branch","line":25,"loc":{"start":{"line":25,"column":19},"end":{"line":25,"column":19}},"locations":[{"start":{"line":25,"column":19},"end":{"line":25,"column":19}}]},"53":{"type":"branch","line":25,"loc":{"start":{"line":25,"column":19},"end":{"line":25,"column":19}},"locations":[{"start":{"line":25,"column":19},"end":{"line":25,"column":19}}]},"54":{"type":"branch","line":7,"loc":{"start":{"line":7,"column":13},"end":{"line":9,"column":3}},"locations":[{"start":{"line":7,"column":13},"end":{"line":9,"column":3}}]},"55":{"type":"branch","line":9,"loc":{"start":{"line":9,"column":3},"end":{"line":13,"column":22}},"locations":[{"start":{"line":9,"column":3},"end":{"line":13,"column":22}}]},"56":{"type":"branch","line":25,"loc":{"start":{"line":25,"column":19},"end":{"line":25,"column":19}},"locations":[{"start":{"line":25,"column":19},"end":{"line":25,"column":19}}]},"57":{"type":"branch","line":13,"loc":{"start":{"line":13,"column":23},"end":{"line":15,"column":3}},"locations":[{"start":{"line":13,"column":23},"end":{"line":15,"column":3}}]},"58":{"type":"branch","line":25,"loc":{"start":{"line":25,"column":19},"end":{"line":25,"column":19}},"locations":[{"start":{"line":25,"column":19},"end":{"line":25,"column":19}}]},"59":{"type":"branch","line":25,"loc":{"start":{"line":25,"column":19},"end":{"line":25,"column":19}},"locations":[{"start":{"line":25,"column":19},"end":{"line":25,"column":19}}]},"60":{"type":"branch","line":25,"loc":{"start":{"line":25,"column":19},"end":{"line":25,"column":19}},"locations":[{"start":{"line":25,"column":19},"end":{"line":25,"column":19}}]},"61":{"type":"branch","line":25,"loc":{"start":{"line":25,"column":19},"end":{"line":25,"column":19}},"locations":[{"start":{"line":25,"column":19},"end":{"line":25,"column":19}}]}},"b":{"0":[5],"1":[11],"2":[11],"3":[10],"4":[0],"5":[21],"6":[11],"7":[10],"8":[10],"9":[11],"10":[10],"11":[0],"12":[33],"13":[21],"14":[21],"15":[0],"16":[62],"17":[0],"18":[0],"19":[0],"20":[0],"21":[21],"22":[21],"23":[10],"24":[0],"25":[0],"26":[31],"27":[10],"28":[21],"29":[11],"30":[20],"31":[10],"32":[30],"33":[10],"34":[0],"35":[30],"36":[0],"37":[10],"38":[30],"39":[0],"40":[10],"41":[0],"42":[10],"43":[31],"44":[0],"45":[31],"46":[11],"47":[0],"48":[11],"49":[0],"50":[11],"51":[11],"52":[31],"53":[11],"54":[1],"55":[10],"56":[10],"57":[0],"58":[10],"59":[10],"60":[0],"61":[10]},"fnMap":{"0":{"name":"__awaiter","decl":{"start":{"line":25,"column":19},"end":{"line":25,"column":19}},"loc":{"start":{"line":25,"column":19},"end":{"line":25,"column":19}},"line":25},"1":{"name":"fulfilled","decl":{"start":{"line":25,"column":19},"end":{"line":25,"column":19}},"loc":{"start":{"line":25,"column":19},"end":{"line":25,"column":19}},"line":25},"2":{"name":"rejected","decl":{"start":{"line":25,"column":19},"end":{"line":25,"column":19}},"loc":{"start":{"line":25,"column":19},"end":{"line":25,"column":19}},"line":25},"3":{"name":"step","decl":{"start":{"line":25,"column":19},"end":{"line":25,"column":19}},"loc":{"start":{"line":25,"column":19},"end":{"line":25,"column":19}},"line":25},"4":{"name":"__generator","decl":{"start":{"line":25,"column":19},"end":{"line":25,"column":19}},"loc":{"start":{"line":25,"column":19},"end":{"line":25,"column":19}},"line":25},"5":{"name":"sent","decl":{"start":{"line":25,"column":19},"end":{"line":25,"column":19}},"loc":{"start":{"line":25,"column":19},"end":{"line":25,"column":19}},"line":25},"6":{"name":"g.<computed>","decl":{"start":{"line":25,"column":19},"end":{"line":25,"column":19}},"loc":{"start":{"line":25,"column":19},"end":{"line":25,"column":19}},"line":25},"7":{"name":"verb","decl":{"start":{"line":25,"column":19},"end":{"line":25,"column":19}},"loc":{"start":{"line":25,"column":19},"end":{"line":25,"column":19}},"line":25},"8":{"name":"step","decl":{"start":{"line":25,"column":19},"end":{"line":25,"column":19}},"loc":{"start":{"line":25,"column":19},"end":{"line":25,"column":19}},"line":25},"9":{"name":"auth","decl":{"start":{"line":4,"column":13},"end":{"line":23,"column":1}},"loc":{"start":{"line":4,"column":13},"end":{"line":23,"column":1}},"line":4}},"f":{"0":11,"1":10,"2":0,"3":21,"4":11,"5":10,"6":0,"7":33,"8":21,"9":11}}
,"C:\\Users\\thiag\\Desktop\\Programacao\\Projects\\saturno\\backend\\src\\middlewares\\multer.ts": {"path":"C:\\Users\\thiag\\Desktop\\Programacao\\Projects\\saturno\\backend\\src\\middlewares\\multer.ts","statementMap":{"0":{"start":{"line":1,"column":0},"end":{"line":1,"column":32}},"1":{"start":{"line":2,"column":0},"end":{"line":2,"column":28}},"2":{"start":{"line":3,"column":0},"end":{"line":3,"column":0}},"3":{"start":{"line":4,"column":0},"end":{"line":4,"column":16}},"4":{"start":{"line":5,"column":0},"end":{"line":5,"column":57}},"5":{"start":{"line":6,"column":0},"end":{"line":6,"column":33}},"6":{"start":{"line":7,"column":0},"end":{"line":7,"column":39}},"7":{"start":{"line":8,"column":0},"end":{"line":8,"column":68}},"8":{"start":{"line":9,"column":0},"end":{"line":9,"column":10}},"9":{"start":{"line":10,"column":0},"end":{"line":10,"column":36}},"10":{"start":{"line":11,"column":0},"end":{"line":11,"column":65}},"11":{"start":{"line":12,"column":0},"end":{"line":12,"column":30}},"12":{"start":{"line":13,"column":0},"end":{"line":13,"column":11}},"13":{"start":{"line":14,"column":0},"end":{"line":14,"column":7}},"14":{"start":{"line":15,"column":0},"end":{"line":15,"column":13}},"15":{"start":{"line":16,"column":0},"end":{"line":16,"column":33}},"16":{"start":{"line":17,"column":0},"end":{"line":17,"column":5}},"17":{"start":{"line":18,"column":0},"end":{"line":18,"column":1}}},"s":{"0":1,"1":1,"2":1,"3":1,"4":1,"5":1,"6":1,"7":0,"8":1,"9":1,"10":0,"11":0,"12":0,"13":1,"14":1,"15":1,"16":1,"17":1},"branchMap":{"0":{"type":"branch","line":18,"loc":{"start":{"line":18,"column":1},"end":{"line":18,"column":1}},"locations":[{"start":{"line":18,"column":1},"end":{"line":18,"column":1}}]}},"b":{"0":[5]},"fnMap":{"0":{"name":"destination","decl":{"start":{"line":7,"column":21},"end":{"line":9,"column":9}},"loc":{"start":{"line":7,"column":21},"end":{"line":9,"column":9}},"line":7},"1":{"name":"filename","decl":{"start":{"line":10,"column":18},"end":{"line":13,"column":11}},"loc":{"start":{"line":10,"column":18},"end":{"line":13,"column":11}},"line":10}},"f":{"0":0,"1":0}}
,"C:\\Users\\thiag\\Desktop\\Programacao\\Projects\\saturno\\backend\\src\\routes\\appoitments.routes.ts": {"path":"C:\\Users\\thiag\\Desktop\\Programacao\\Projects\\saturno\\backend\\src\\routes\\appoitments.routes.ts","statementMap":{"0":{"start":{"line":1,"column":0},"end":{"line":1,"column":34}},"1":{"start":{"line":2,"column":0},"end":{"line":2,"column":31}},"2":{"start":{"line":3,"column":0},"end":{"line":3,"column":72}},"3":{"start":{"line":4,"column":0},"end":{"line":4,"column":0}},"4":{"start":{"line":5,"column":0},"end":{"line":5,"column":37}},"5":{"start":{"line":6,"column":0},"end":{"line":6,"column":0}},"6":{"start":{"line":7,"column":0},"end":{"line":7,"column":35}},"7":{"start":{"line":8,"column":0},"end":{"line":8,"column":0}},"8":{"start":{"line":9,"column":0},"end":{"line":9,"column":43}},"9":{"start":{"line":10,"column":0},"end":{"line":10,"column":0}},"10":{"start":{"line":11,"column":0},"end":{"line":11,"column":21}}},"s":{"0":1,"1":1,"2":1,"3":1,"4":1,"5":1,"6":1,"7":1,"8":1,"9":1,"10":1},"branchMap":{"0":{"type":"branch","line":11,"loc":{"start":{"line":11,"column":21},"end":{"line":11,"column":21}},"locations":[{"start":{"line":11,"column":21},"end":{"line":11,"column":21}}]}},"b":{"0":[5]},"fnMap":{},"f":{}}
,"C:\\Users\\thiag\\Desktop\\Programacao\\Projects\\saturno\\backend\\src\\routes\\studio.routes.ts": {"path":"C:\\Users\\thiag\\Desktop\\Programacao\\Projects\\saturno\\backend\\src\\routes\\studio.routes.ts","statementMap":{"0":{"start":{"line":1,"column":0},"end":{"line":1,"column":34}},"1":{"start":{"line":2,"column":0},"end":{"line":2,"column":31}},"2":{"start":{"line":3,"column":0},"end":{"line":3,"column":67}},"3":{"start":{"line":4,"column":0},"end":{"line":4,"column":0}},"4":{"start":{"line":5,"column":0},"end":{"line":5,"column":32}},"5":{"start":{"line":6,"column":0},"end":{"line":6,"column":0}},"6":{"start":{"line":7,"column":0},"end":{"line":7,"column":14}},"7":{"start":{"line":8,"column":0},"end":{"line":8,"column":38}},"8":{"start":{"line":9,"column":0},"end":{"line":9,"column":48}},"9":{"start":{"line":10,"column":0},"end":{"line":10,"column":0}},"10":{"start":{"line":11,"column":0},"end":{"line":11,"column":38}},"11":{"start":{"line":12,"column":0},"end":{"line":12,"column":0}},"12":{"start":{"line":13,"column":0},"end":{"line":13,"column":36}},"13":{"start":{"line":14,"column":0},"end":{"line":14,"column":0}},"14":{"start":{"line":15,"column":0},"end":{"line":15,"column":44}},"15":{"start":{"line":16,"column":0},"end":{"line":16,"column":0}},"16":{"start":{"line":17,"column":0},"end":{"line":17,"column":0}},"17":{"start":{"line":18,"column":0},"end":{"line":18,"column":21}}},"s":{"0":1,"1":1,"2":1,"3":1,"4":1,"5":1,"6":1,"7":1,"8":1,"9":1,"10":1,"11":1,"12":1,"13":1,"14":1,"15":1,"16":1,"17":1},"branchMap":{"0":{"type":"branch","line":18,"loc":{"start":{"line":18,"column":21},"end":{"line":18,"column":21}},"locations":[{"start":{"line":18,"column":21},"end":{"line":18,"column":21}}]}},"b":{"0":[5]},"fnMap":{},"f":{}}
,"C:\\Users\\thiag\\Desktop\\Programacao\\Projects\\saturno\\backend\\src\\routes\\user.routes.ts": {"path":"C:\\Users\\thiag\\Desktop\\Programacao\\Projects\\saturno\\backend\\src\\routes\\user.routes.ts","statementMap":{"0":{"start":{"line":1,"column":0},"end":{"line":1,"column":34}},"1":{"start":{"line":2,"column":0},"end":{"line":2,"column":31}},"2":{"start":{"line":3,"column":0},"end":{"line":3,"column":72}},"3":{"start":{"line":4,"column":0},"end":{"line":4,"column":0}},"4":{"start":{"line":5,"column":0},"end":{"line":5,"column":32}},"5":{"start":{"line":6,"column":0},"end":{"line":6,"column":0}},"6":{"start":{"line":7,"column":0},"end":{"line":7,"column":14}},"7":{"start":{"line":8,"column":0},"end":{"line":8,"column":48}},"8":{"start":{"line":9,"column":0},"end":{"line":9,"column":38}},"9":{"start":{"line":10,"column":0},"end":{"line":10,"column":0}},"10":{"start":{"line":11,"column":0},"end":{"line":11,"column":8}},"11":{"start":{"line":12,"column":0},"end":{"line":12,"column":36}},"12":{"start":{"line":13,"column":0},"end":{"line":13,"column":0}},"13":{"start":{"line":14,"column":0},"end":{"line":14,"column":65}},"14":{"start":{"line":15,"column":0},"end":{"line":15,"column":0}},"15":{"start":{"line":16,"column":0},"end":{"line":16,"column":42}},"16":{"start":{"line":17,"column":0},"end":{"line":17,"column":0}},"17":{"start":{"line":18,"column":0},"end":{"line":18,"column":8}},"18":{"start":{"line":19,"column":0},"end":{"line":19,"column":28}},"19":{"start":{"line":20,"column":0},"end":{"line":20,"column":0}},"20":{"start":{"line":21,"column":0},"end":{"line":21,"column":21}}},"s":{"0":1,"1":1,"2":1,"3":1,"4":1,"5":1,"6":1,"7":1,"8":1,"9":1,"10":1,"11":1,"12":1,"13":1,"14":1,"15":1,"16":1,"17":1,"18":1,"19":1,"20":1},"branchMap":{"0":{"type":"branch","line":21,"loc":{"start":{"line":21,"column":21},"end":{"line":21,"column":21}},"locations":[{"start":{"line":21,"column":21},"end":{"line":21,"column":21}}]}},"b":{"0":[5]},"fnMap":{},"f":{}}
,"C:\\Users\\thiag\\Desktop\\Programacao\\Projects\\saturno\\backend\\src\\utils\\env.ts": {"path":"C:\\Users\\thiag\\Desktop\\Programacao\\Projects\\saturno\\backend\\src\\utils\\env.ts","statementMap":{"0":{"start":{"line":1,"column":0},"end":{"line":1,"column":32}},"1":{"start":{"line":2,"column":0},"end":{"line":2,"column":0}},"2":{"start":{"line":3,"column":0},"end":{"line":3,"column":69}},"3":{"start":{"line":4,"column":0},"end":{"line":4,"column":0}},"4":{"start":{"line":5,"column":0},"end":{"line":5,"column":23}}},"s":{"0":1,"1":1,"2":1,"3":1,"4":1},"branchMap":{"0":{"type":"branch","line":5,"loc":{"start":{"line":5,"column":23},"end":{"line":5,"column":23}},"locations":[{"start":{"line":5,"column":23},"end":{"line":5,"column":23}}]},"1":{"type":"branch","line":3,"loc":{"start":{"line":3,"column":58},"end":{"line":3,"column":69}},"locations":[{"start":{"line":3,"column":58},"end":{"line":3,"column":69}}]}},"b":{"0":[5],"1":[0]},"fnMap":{},"f":{}}
}
