TN:
SF:src\app.ts
FN:18,AppController
FN:25,AppController.middlewares
FN:33,AppController.routes
FNF:3
FNH:3
FNDA:5,AppController
FNDA:5,AppController.middlewares
FNDA:5,AppController.routes
DA:1,1
DA:2,1
DA:3,1
DA:4,1
DA:5,1
DA:6,1
DA:7,1
DA:8,1
DA:9,1
DA:10,1
DA:11,1
DA:12,1
DA:13,1
DA:14,1
DA:15,5
DA:16,5
DA:17,5
DA:18,5
DA:19,5
DA:20,5
DA:21,5
DA:22,5
DA:23,5
DA:24,5
DA:25,5
DA:26,5
DA:27,5
DA:28,5
DA:29,5
DA:30,5
DA:31,5
DA:32,5
DA:33,5
DA:34,5
DA:35,5
DA:36,5
DA:37,5
DA:38,5
DA:39,1
DA:40,1
LF:40
LH:40
BRDA:40,0,0,5
BRDA:15,1,0,5
BRDA:18,2,0,5
BRDA:25,3,0,5
BRDA:33,4,0,5
BRF:5
BRH:5
end_of_record
TN:
SF:src\controller\AppoitmentsController.ts
FN:33,__awaiter
FN:33,fulfilled
FN:33,rejected
FN:33,step
FN:33,__generator
FN:33,sent
FN:33,g.<computed>
FN:33,verb
FN:33,step
FN:7,exports.show
FN:13,exports.store
FN:24,exports.destroy
FNF:12
FNH:11
FNDA:6,__awaiter
FNDA:6,fulfilled
FNDA:1,rejected
FNDA:13,step
FNDA:6,__generator
FNDA:8,sent
FNDA:0,g.<computed>
FNDA:18,verb
FNDA:13,step
FNDA:1,exports.show
FNDA:3,exports.store
FNDA:2,exports.destroy
DA:1,1
DA:2,1
DA:3,1
DA:4,1
DA:5,1
DA:6,1
DA:7,1
DA:8,1
DA:9,1
DA:10,1
DA:11,1
DA:12,1
DA:13,1
DA:14,3
DA:15,3
DA:16,3
DA:17,3
DA:18,3
DA:19,3
DA:20,3
DA:21,3
DA:22,3
DA:23,1
DA:24,1
DA:25,2
DA:26,2
DA:27,2
DA:28,1
DA:29,1
DA:30,1
DA:31,2
DA:32,2
DA:33,2
LF:33
LH:33
BRDA:33,0,0,5
BRDA:33,1,0,6
BRDA:33,2,0,6
BRDA:33,3,0,6
BRDA:33,4,0,0
BRDA:33,5,0,1
BRDA:33,6,0,0
BRDA:33,7,0,13
BRDA:33,8,0,6
BRDA:33,9,0,7
BRDA:33,10,0,7
BRDA:33,11,0,6
BRDA:33,12,0,8
BRDA:33,13,0,1
BRDA:33,14,0,7
BRDA:33,15,0,18
BRDA:33,16,0,13
BRDA:33,17,0,13
BRDA:33,18,0,0
BRDA:33,19,0,33
BRDA:33,20,0,0
BRDA:33,21,0,0
BRDA:33,22,0,0
BRDA:33,23,0,0
BRDA:33,24,0,12
BRDA:33,25,0,13
BRDA:33,26,0,7
BRDA:33,27,0,0
BRDA:33,28,0,0
BRDA:33,29,0,13
BRDA:33,30,0,4
BRDA:33,31,0,9
BRDA:33,32,0,6
BRDA:33,33,0,7
BRDA:33,34,0,6
BRDA:33,35,0,3
BRDA:33,36,0,3
BRDA:33,37,0,4
BRDA:33,38,0,1
BRDA:33,39,0,1
BRDA:33,40,0,3
BRDA:33,41,0,0
BRDA:33,42,0,3
BRDA:33,43,0,0
BRDA:33,44,0,3
BRDA:33,45,0,17
BRDA:33,46,0,16
BRDA:33,47,0,1
BRDA:33,48,0,17
BRDA:33,49,0,6
BRDA:33,50,0,0
BRDA:33,51,0,6
BRDA:33,52,0,0
BRDA:7,53,0,1
BRDA:7,54,0,1
BRDA:33,55,0,2
BRDA:33,56,0,1
BRDA:33,57,0,1
BRDA:13,58,0,3
BRDA:13,59,0,3
BRDA:33,60,0,10
BRDA:33,61,0,3
BRDA:33,62,0,3
BRDA:33,63,0,1
BRDA:33,64,0,3
BRDA:24,65,0,2
BRDA:24,66,0,2
BRDA:33,67,0,5
BRDA:33,68,0,2
BRDA:33,69,0,2
BRDA:27,70,0,1
BRDA:33,71,0,1
BRF:72
BRH:59
end_of_record
TN:
SF:src\controller\StudioController.ts
FN:48,__awaiter
FN:48,fulfilled
FN:48,rejected
FN:48,step
FN:48,__generator
FN:48,sent
FN:48,g.<computed>
FN:48,verb
FN:48,step
FN:7,exports.show
FN:13,exports.store
FN:39,exports.destroy
FNF:12
FNH:10
FNDA:8,__awaiter
FNDA:13,fulfilled
FNDA:0,rejected
FNDA:21,step
FNDA:8,__generator
FNDA:13,sent
FNDA:0,g.<computed>
FNDA:24,verb
FNDA:21,step
FNDA:1,exports.show
FNDA:5,exports.store
FNDA:2,exports.destroy
DA:1,1
DA:2,1
DA:3,1
DA:4,1
DA:5,1
DA:6,1
DA:7,1
DA:8,1
DA:9,1
DA:10,1
DA:11,1
DA:12,1
DA:13,1
DA:14,5
DA:15,5
DA:16,5
DA:17,5
DA:18,5
DA:19,1
DA:20,1
DA:21,4
DA:22,4
DA:23,5
DA:24,0
DA:25,0
DA:26,5
DA:27,4
DA:28,4
DA:29,4
DA:30,4
DA:31,4
DA:32,5
DA:33,5
DA:34,5
DA:35,5
DA:36,5
DA:37,5
DA:38,1
DA:39,1
DA:40,2
DA:41,2
DA:42,2
DA:43,1
DA:44,1
DA:45,1
DA:46,2
DA:47,2
DA:48,2
LF:48
LH:46
BRDA:48,0,0,5
BRDA:48,1,0,8
BRDA:48,2,0,8
BRDA:48,3,0,13
BRDA:48,4,0,0
BRDA:48,5,0,21
BRDA:48,6,0,8
BRDA:48,7,0,13
BRDA:48,8,0,13
BRDA:48,9,0,8
BRDA:48,10,0,13
BRDA:48,11,0,0
BRDA:48,12,0,24
BRDA:48,13,0,21
BRDA:48,14,0,21
BRDA:48,15,0,0
BRDA:48,16,0,51
BRDA:48,17,0,0
BRDA:48,18,0,0
BRDA:48,19,0,0
BRDA:48,20,0,0
BRDA:48,21,0,21
BRDA:48,22,0,21
BRDA:48,23,0,13
BRDA:48,24,0,0
BRDA:48,25,0,0
BRDA:48,26,0,17
BRDA:48,27,0,5
BRDA:48,28,0,12
BRDA:48,29,0,8
BRDA:48,30,0,9
BRDA:48,31,0,8
BRDA:48,32,0,4
BRDA:48,33,0,4
BRDA:48,34,0,5
BRDA:48,35,0,0
BRDA:48,36,0,0
BRDA:48,37,0,5
BRDA:48,38,0,0
BRDA:48,39,0,5
BRDA:48,40,0,0
BRDA:48,41,0,5
BRDA:48,42,0,25
BRDA:48,43,0,0
BRDA:48,44,0,25
BRDA:48,45,0,8
BRDA:48,46,0,0
BRDA:48,47,0,8
BRDA:48,48,0,0
BRDA:7,49,0,1
BRDA:7,50,0,1
BRDA:48,51,0,2
BRDA:48,52,0,1
BRDA:48,53,0,1
BRDA:13,54,0,5
BRDA:13,55,0,5
BRDA:48,56,0,18
BRDA:48,57,0,5
BRDA:48,58,0,5
BRDA:18,59,0,1
BRDA:20,60,0,4
BRDA:23,61,0,0
BRDA:26,62,0,4
BRDA:48,63,0,4
BRDA:48,64,0,0
BRDA:48,65,0,4
BRDA:39,66,0,2
BRDA:39,67,0,2
BRDA:48,68,0,5
BRDA:48,69,0,2
BRDA:48,70,0,2
BRDA:42,71,0,1
BRDA:48,72,0,1
BRF:73
BRH:55
end_of_record
TN:
SF:src\controller\UserController.ts
FN:92,__assign
FN:92,__assign
FN:92,__awaiter
FN:92,fulfilled
FN:92,rejected
FN:92,step
FN:92,__generator
FN:92,sent
FN:92,g.<computed>
FN:92,verb
FN:92,step
FN:10,generateToken
FN:19,exports.show
FN:28,exports.store
FN:60,exports.destroy
FN:76,exports.login
FNF:16
FNH:13
FNDA:4,__assign
FNDA:0,__assign
FNDA:10,__awaiter
FNDA:21,fulfilled
FNDA:1,rejected
FNDA:32,step
FNDA:10,__generator
FNDA:23,sent
FNDA:0,g.<computed>
FNDA:30,verb
FNDA:32,step
FNDA:0,generateToken
FNDA:1,exports.show
FNDA:7,exports.store
FNDA:1,exports.destroy
FNDA:1,exports.login
DA:1,1
DA:2,1
DA:3,1
DA:4,1
DA:5,1
DA:6,1
DA:7,1
DA:8,1
DA:9,1
DA:10,1
DA:11,0
DA:12,0
DA:13,0
DA:14,0
DA:15,0
DA:16,1
DA:17,1
DA:18,1
DA:19,1
DA:20,1
DA:21,1
DA:22,1
DA:23,0
DA:24,0
DA:25,1
DA:26,1
DA:27,1
DA:28,1
DA:29,7
DA:30,7
DA:31,7
DA:32,7
DA:33,7
DA:34,7
DA:35,1
DA:36,1
DA:37,5
DA:38,5
DA:39,7
DA:40,0
DA:41,0
DA:42,7
DA:43,5
DA:44,5
DA:45,5
DA:46,5
DA:47,5
DA:48,5
DA:49,5
DA:50,5
DA:51,5
DA:52,7
DA:53,7
DA:54,7
DA:55,7
DA:56,7
DA:57,7
DA:58,7
DA:59,1
DA:60,1
DA:61,1
DA:62,1
DA:63,1
DA:64,1
DA:65,1
DA:66,1
DA:67,1
DA:68,1
DA:69,1
DA:70,1
DA:71,1
DA:72,1
DA:73,1
DA:74,1
DA:75,1
DA:76,1
DA:77,1
DA:78,1
DA:79,1
DA:80,1
DA:81,0
DA:82,1
DA:83,1
DA:84,1
DA:85,1
DA:86,1
DA:87,1
DA:88,1
DA:89,1
DA:90,1
DA:91,1
DA:92,1
LF:92
LH:82
BRDA:92,0,0,5
BRDA:92,1,0,4
BRDA:92,2,0,0
BRDA:92,3,0,10
BRDA:92,4,0,10
BRDA:92,5,0,21
BRDA:92,6,0,0
BRDA:92,7,0,1
BRDA:92,8,0,0
BRDA:92,9,0,32
BRDA:92,10,0,10
BRDA:92,11,0,22
BRDA:92,12,0,22
BRDA:92,13,0,10
BRDA:92,14,0,23
BRDA:92,15,0,1
BRDA:92,16,0,22
BRDA:92,17,0,30
BRDA:92,18,0,32
BRDA:92,19,0,32
BRDA:92,20,0,0
BRDA:92,21,0,79
BRDA:92,22,0,0
BRDA:92,23,0,0
BRDA:92,24,0,0
BRDA:92,25,0,0
BRDA:92,26,0,31
BRDA:92,27,0,32
BRDA:92,28,0,22
BRDA:92,29,0,0
BRDA:92,30,0,0
BRDA:92,31,0,25
BRDA:92,32,0,8
BRDA:92,33,0,17
BRDA:92,34,0,10
BRDA:92,35,0,21
BRDA:92,36,0,15
BRDA:92,37,0,13
BRDA:92,38,0,6
BRDA:92,39,0,21
BRDA:92,40,0,7
BRDA:92,41,0,8
BRDA:92,42,0,1
BRDA:92,43,0,1
BRDA:92,44,0,7
BRDA:92,45,0,0
BRDA:92,46,0,7
BRDA:92,47,0,0
BRDA:92,48,0,7
BRDA:92,49,0,62
BRDA:92,50,0,40
BRDA:92,51,0,39
BRDA:92,52,0,1
BRDA:92,53,0,40
BRDA:92,54,0,10
BRDA:92,55,0,0
BRDA:92,56,0,10
BRDA:92,57,0,0
BRDA:19,58,0,1
BRDA:19,59,0,1
BRDA:92,60,0,2
BRDA:92,61,0,1
BRDA:92,62,0,1
BRDA:22,63,0,0
BRDA:28,64,0,7
BRDA:28,65,0,7
BRDA:92,66,0,32
BRDA:92,67,0,7
BRDA:92,68,0,7
BRDA:92,69,0,6
BRDA:34,70,0,1
BRDA:36,71,0,5
BRDA:39,72,0,0
BRDA:42,73,0,5
BRDA:92,74,0,5
BRDA:92,75,0,1
BRDA:92,76,0,6
BRDA:60,77,0,1
BRDA:60,78,0,1
BRDA:92,79,0,3
BRDA:92,80,0,1
BRDA:92,81,0,1
BRDA:63,82,0,0
BRDA:92,83,0,1
BRDA:92,84,0,0
BRDA:76,85,0,1
BRDA:76,86,0,1
BRDA:92,87,0,3
BRDA:92,88,0,1
BRDA:92,89,0,1
BRDA:80,90,0,0
BRDA:92,91,0,0
BRDA:92,92,0,0
BRDA:88,93,0,0
BRDA:92,94,0,1
BRF:95
BRH:73
end_of_record
TN:
SF:src\entity\Appointments.ts
FN:34,__decorate
FN:34,__metadata
FN:6,Appoitments
FN:14,typeorm_1.JoinTable.name
FN:18,typeorm_1.JoinTable.name
FNF:5
FNH:5
FNDA:45,__decorate
FNDA:40,__metadata
FNDA:7,Appoitments
FNDA:5,typeorm_1.JoinTable.name
FNDA:5,typeorm_1.JoinTable.name
DA:1,1
DA:2,1
DA:3,1
DA:4,1
DA:5,1
DA:6,7
DA:7,7
DA:8,7
DA:9,7
DA:10,7
DA:11,7
DA:12,7
DA:13,7
DA:14,7
DA:15,7
DA:16,7
DA:17,7
DA:18,7
DA:19,7
DA:20,7
DA:21,7
DA:22,7
DA:23,7
DA:24,7
DA:25,7
DA:26,7
DA:27,7
DA:28,7
DA:29,7
DA:30,7
DA:31,7
DA:32,7
DA:33,7
DA:34,7
LF:34
LH:34
BRDA:34,0,0,5
BRDA:34,1,0,45
BRDA:34,2,0,5
BRDA:34,3,0,40
BRDA:34,4,0,0
BRDA:34,5,0,0
BRDA:34,6,0,40
BRDA:34,7,0,0
BRDA:34,8,0,40
BRDA:6,9,0,5
BRDA:6,10,0,7
BRDA:14,11,0,5
BRDA:14,12,0,5
BRDA:18,13,0,5
BRDA:18,14,0,5
BRF:15
BRH:12
end_of_record
TN:
SF:src\entity\Studio.ts
FN:21,__decorate
FN:21,__metadata
FN:5,Studio
FNF:3
FNH:3
FNDA:30,__decorate
FNDA:25,__metadata
FNDA:8,Studio
DA:1,1
DA:2,1
DA:3,1
DA:4,1
DA:5,8
DA:6,8
DA:7,8
DA:8,8
DA:9,8
DA:10,8
DA:11,8
DA:12,8
DA:13,8
DA:14,8
DA:15,8
DA:16,8
DA:17,8
DA:18,8
DA:19,8
DA:20,8
DA:21,8
LF:21
LH:21
BRDA:21,0,0,5
BRDA:21,1,0,30
BRDA:21,2,0,5
BRDA:21,3,0,25
BRDA:21,4,0,0
BRDA:21,5,0,0
BRDA:21,6,0,25
BRDA:21,7,0,0
BRDA:21,8,0,25
BRDA:5,9,0,5
BRDA:5,10,0,8
BRDA:19,11,0,5
BRDA:19,12,0,5
BRF:13
BRH:10
end_of_record
TN:
SF:src\entity\User.ts
FN:31,__decorate
FN:31,__metadata
FN:6,User
FNF:3
FNH:3
FNDA:40,__decorate
FNDA:35,__metadata
FNDA:7,User
DA:1,1
DA:2,1
DA:3,1
DA:4,1
DA:5,1
DA:6,7
DA:7,7
DA:8,7
DA:9,7
DA:10,7
DA:11,7
DA:12,7
DA:13,7
DA:14,7
DA:15,7
DA:16,7
DA:17,7
DA:18,7
DA:19,7
DA:20,7
DA:21,7
DA:22,7
DA:23,7
DA:24,7
DA:25,7
DA:26,7
DA:27,7
DA:28,7
DA:29,7
DA:30,7
DA:31,7
LF:31
LH:31
BRDA:31,0,0,5
BRDA:31,1,0,40
BRDA:31,2,0,5
BRDA:31,3,0,35
BRDA:31,4,0,0
BRDA:31,5,0,0
BRDA:31,6,0,35
BRDA:31,7,0,0
BRDA:31,8,0,35
BRDA:6,9,0,5
BRDA:6,10,0,7
BRDA:28,11,0,5
BRDA:28,12,0,5
BRF:13
BRH:10
end_of_record
TN:
SF:src\middlewares\auth.ts
FN:25,__awaiter
FN:25,fulfilled
FN:25,rejected
FN:25,step
FN:25,__generator
FN:25,sent
FN:25,g.<computed>
FN:25,verb
FN:25,step
FN:4,auth
FNF:10
FNH:8
FNDA:11,__awaiter
FNDA:10,fulfilled
FNDA:0,rejected
FNDA:21,step
FNDA:11,__generator
FNDA:10,sent
FNDA:0,g.<computed>
FNDA:33,verb
FNDA:21,step
FNDA:11,auth
DA:1,1
DA:2,1
DA:3,1
DA:4,1
DA:5,11
DA:6,11
DA:7,11
DA:8,1
DA:9,1
DA:10,10
DA:11,10
DA:12,10
DA:13,11
DA:14,0
DA:15,0
DA:16,11
DA:17,11
DA:18,11
DA:19,11
DA:20,11
DA:21,11
DA:22,11
DA:23,11
DA:24,1
DA:25,1
LF:25
LH:23
BRDA:25,0,0,5
BRDA:25,1,0,11
BRDA:25,2,0,11
BRDA:25,3,0,10
BRDA:25,4,0,0
BRDA:25,5,0,21
BRDA:25,6,0,11
BRDA:25,7,0,10
BRDA:25,8,0,10
BRDA:25,9,0,11
BRDA:25,10,0,10
BRDA:25,11,0,0
BRDA:25,12,0,33
BRDA:25,13,0,21
BRDA:25,14,0,21
BRDA:25,15,0,0
BRDA:25,16,0,62
BRDA:25,17,0,0
BRDA:25,18,0,0
BRDA:25,19,0,0
BRDA:25,20,0,0
BRDA:25,21,0,21
BRDA:25,22,0,21
BRDA:25,23,0,10
BRDA:25,24,0,0
BRDA:25,25,0,0
BRDA:25,26,0,31
BRDA:25,27,0,10
BRDA:25,28,0,21
BRDA:25,29,0,11
BRDA:25,30,0,20
BRDA:25,31,0,10
BRDA:25,32,0,30
BRDA:25,33,0,10
BRDA:25,34,0,0
BRDA:25,35,0,30
BRDA:25,36,0,0
BRDA:25,37,0,10
BRDA:25,38,0,30
BRDA:25,39,0,0
BRDA:25,40,0,10
BRDA:25,41,0,0
BRDA:25,42,0,10
BRDA:25,43,0,31
BRDA:25,44,0,0
BRDA:25,45,0,31
BRDA:25,46,0,11
BRDA:25,47,0,0
BRDA:25,48,0,11
BRDA:25,49,0,0
BRDA:4,50,0,11
BRDA:4,51,0,11
BRDA:25,52,0,31
BRDA:25,53,0,11
BRDA:7,54,0,1
BRDA:9,55,0,10
BRDA:25,56,0,10
BRDA:13,57,0,0
BRDA:25,58,0,10
BRDA:25,59,0,10
BRDA:25,60,0,0
BRDA:25,61,0,10
BRF:62
BRH:44
end_of_record
TN:
SF:src\middlewares\multer.ts
FN:7,destination
FN:10,filename
FNF:2
FNH:0
FNDA:0,destination
FNDA:0,filename
DA:1,1
DA:2,1
DA:3,1
DA:4,1
DA:5,1
DA:6,1
DA:7,1
DA:8,0
DA:9,1
DA:10,1
DA:11,0
DA:12,0
DA:13,0
DA:14,1
DA:15,1
DA:16,1
DA:17,1
DA:18,1
LF:18
LH:14
BRDA:18,0,0,5
BRF:1
BRH:1
end_of_record
TN:
SF:src\routes\appoitments.routes.ts
FNF:0
FNH:0
DA:1,1
DA:2,1
DA:3,1
DA:4,1
DA:5,1
DA:6,1
DA:7,1
DA:8,1
DA:9,1
DA:10,1
DA:11,1
LF:11
LH:11
BRDA:11,0,0,5
BRF:1
BRH:1
end_of_record
TN:
SF:src\routes\studio.routes.ts
FNF:0
FNH:0
DA:1,1
DA:2,1
DA:3,1
DA:4,1
DA:5,1
DA:6,1
DA:7,1
DA:8,1
DA:9,1
DA:10,1
DA:11,1
DA:12,1
DA:13,1
DA:14,1
DA:15,1
DA:16,1
DA:17,1
DA:18,1
LF:18
LH:18
BRDA:18,0,0,5
BRF:1
BRH:1
end_of_record
TN:
SF:src\routes\user.routes.ts
FNF:0
FNH:0
DA:1,1
DA:2,1
DA:3,1
DA:4,1
DA:5,1
DA:6,1
DA:7,1
DA:8,1
DA:9,1
DA:10,1
DA:11,1
DA:12,1
DA:13,1
DA:14,1
DA:15,1
DA:16,1
DA:17,1
DA:18,1
DA:19,1
DA:20,1
DA:21,1
LF:21
LH:21
BRDA:21,0,0,5
BRF:1
BRH:1
end_of_record
TN:
SF:src\utils\env.ts
FNF:0
FNH:0
DA:1,1
DA:2,1
DA:3,1
DA:4,1
DA:5,1
LF:5
LH:5
BRDA:5,0,0,5
BRDA:3,1,0,0
BRF:2
BRH:1
end_of_record
